"Deploying ASA: minimumASA1":
    asset-index: 3
    confirmed-round: 51
    pool-error: ""
    txn:
        sig:
            - 76
            - 64
            - 109
            - 122
            - 140
            - 136
            - 1
            - 113
            - 86
            - 62
            - 97
            - 213
            - 99
            - 222
            - 253
            - 212
            - 239
            - 29
            - 163
            - 85
            - 158
            - 204
            - 106
            - 42
            - 18
            - 79
            - 56
            - 179
            - 97
            - 196
            - 52
            - 146
            - 195
            - 36
            - 144
            - 80
            - 137
            - 77
            - 163
            - 58
            - 103
            - 79
            - 21
            - 189
            - 11
            - 140
            - 130
            - 149
            - 19
            - 154
            - 235
            - 1
            - 10
            - 43
            - 128
            - 219
            - 215
            - 169
            - 56
            - 237
            - 59
            - 103
            - 155
            - 0
        txn:
            apar:
                an: minimumASA1
                t: 1
                un: unitName
            fee: 2270
            fv: 49
            gen: private-v1
            gh:
                - 165
                - 68
                - 81
                - 122
                - 205
                - 65
                - 69
                - 68
                - 232
                - 149
                - 36
                - 146
                - 217
                - 145
                - 84
                - 52
                - 172
                - 230
                - 28
                - 109
                - 70
                - 26
                - 188
                - 62
                - 66
                - 16
                - 90
                - 86
                - 228
                - 99
                - 169
                - 180
            lv: 1049
            snd:
                - 181
                - 176
                - 219
                - 238
                - 106
                - 134
                - 42
                - 72
                - 146
                - 178
                - 183
                - 161
                - 7
                - 238
                - 87
                - 145
                - 92
                - 34
                - 110
                - 74
                - 164
                - 136
                - 138
                - 167
                - 248
                - 1
                - 168
                - 242
                - 0
                - 77
                - 71
                - 104
            type: acfg
