"Deploying ASA: minimumASA":
    asset-index: 2
    confirmed-round: 49
    pool-error: ""
    sender-rewards: 2000000
    txn:
        sig:
            - 219
            - 149
            - 15
            - 22
            - 249
            - 109
            - 14
            - 17
            - 112
            - 29
            - 19
            - 246
            - 86
            - 180
            - 69
            - 236
            - 45
            - 171
            - 1
            - 171
            - 47
            - 220
            - 53
            - 153
            - 77
            - 103
            - 226
            - 242
            - 49
            - 79
            - 77
            - 52
            - 63
            - 15
            - 176
            - 195
            - 225
            - 15
            - 51
            - 6
            - 220
            - 245
            - 239
            - 52
            - 162
            - 237
            - 47
            - 34
            - 216
            - 56
            - 213
            - 86
            - 222
            - 162
            - 6
            - 148
            - 88
            - 246
            - 39
            - 134
            - 102
            - 2
            - 59
            - 6
        txn:
            apar:
                an: minimumASA
                t: 1
                un: unitName
            fee: 228000
            fv: 47
            gen: private-v1
            gh:
                - 165
                - 68
                - 81
                - 122
                - 205
                - 65
                - 69
                - 68
                - 232
                - 149
                - 36
                - 146
                - 217
                - 145
                - 84
                - 52
                - 172
                - 230
                - 28
                - 109
                - 70
                - 26
                - 188
                - 62
                - 66
                - 16
                - 90
                - 86
                - 228
                - 99
                - 169
                - 180
            lv: 1047
            snd:
                - 181
                - 176
                - 219
                - 238
                - 106
                - 134
                - 42
                - 72
                - 146
                - 178
                - 183
                - 161
                - 7
                - 238
                - 87
                - 145
                - 92
                - 34
                - 110
                - 74
                - 164
                - 136
                - 138
                - 167
                - 248
                - 1
                - 168
                - 242
                - 0
                - 77
                - 71
                - 104
            type: acfg
