"Deploying ASA: allFieldASA":
    asset-index: 4
    confirmed-round: 53
    pool-error: ""
    txn:
        sig:
            - 201
            - 180
            - 65
            - 116
            - 180
            - 244
            - 166
            - 152
            - 217
            - 128
            - 40
            - 235
            - 110
            - 71
            - 152
            - 241
            - 112
            - 167
            - 121
            - 198
            - 52
            - 136
            - 227
            - 113
            - 82
            - 243
            - 57
            - 44
            - 40
            - 178
            - 178
            - 199
            - 244
            - 116
            - 133
            - 81
            - 217
            - 146
            - 30
            - 212
            - 240
            - 163
            - 52
            - 222
            - 119
            - 87
            - 60
            - 117
            - 124
            - 187
            - 24
            - 129
            - 242
            - 51
            - 146
            - 61
            - 173
            - 110
            - 88
            - 130
            - 79
            - 206
            - 14
            - 1
        txn:
            apar:
                am:
                    - 49
                    - 50
                    - 51
                    - 49
                    - 50
                    - 52
                    - 52
                    - 50
                    - 49
                    - 52
                    - 50
                    - 49
                    - 52
                    - 49
                    - 50
                    - 52
                    - 49
                    - 50
                    - 52
                    - 52
                    - 52
                    - 52
                    - 52
                    - 52
                    - 49
                    - 49
                    - 49
                    - 49
                    - 49
                    - 49
                    - 51
                    - 51
                an: allFieldASA
                au: url
                c:
                    - 181
                    - 176
                    - 219
                    - 238
                    - 106
                    - 134
                    - 42
                    - 72
                    - 146
                    - 178
                    - 183
                    - 161
                    - 7
                    - 238
                    - 87
                    - 145
                    - 92
                    - 34
                    - 110
                    - 74
                    - 164
                    - 136
                    - 138
                    - 167
                    - 248
                    - 1
                    - 168
                    - 242
                    - 0
                    - 77
                    - 71
                    - 104
                df: true
                f:
                    - 181
                    - 176
                    - 219
                    - 238
                    - 106
                    - 134
                    - 42
                    - 72
                    - 146
                    - 178
                    - 183
                    - 161
                    - 7
                    - 238
                    - 87
                    - 145
                    - 92
                    - 34
                    - 110
                    - 74
                    - 164
                    - 136
                    - 138
                    - 167
                    - 248
                    - 1
                    - 168
                    - 242
                    - 0
                    - 77
                    - 71
                    - 104
                m:
                    - 181
                    - 176
                    - 219
                    - 238
                    - 106
                    - 134
                    - 42
                    - 72
                    - 146
                    - 178
                    - 183
                    - 161
                    - 7
                    - 238
                    - 87
                    - 145
                    - 92
                    - 34
                    - 110
                    - 74
                    - 164
                    - 136
                    - 138
                    - 167
                    - 248
                    - 1
                    - 168
                    - 242
                    - 0
                    - 77
                    - 71
                    - 104
                r:
                    - 181
                    - 176
                    - 219
                    - 238
                    - 106
                    - 134
                    - 42
                    - 72
                    - 146
                    - 178
                    - 183
                    - 161
                    - 7
                    - 238
                    - 87
                    - 145
                    - 92
                    - 34
                    - 110
                    - 74
                    - 164
                    - 136
                    - 138
                    - 167
                    - 248
                    - 1
                    - 168
                    - 242
                    - 0
                    - 77
                    - 71
                    - 104
                t: 1
                un: unitName
            fee: 4330
            fv: 51
            gen: private-v1
            gh:
                - 165
                - 68
                - 81
                - 122
                - 205
                - 65
                - 69
                - 68
                - 232
                - 149
                - 36
                - 146
                - 217
                - 145
                - 84
                - 52
                - 172
                - 230
                - 28
                - 109
                - 70
                - 26
                - 188
                - 62
                - 66
                - 16
                - 90
                - 86
                - 228
                - 99
                - 169
                - 180
            lv: 1051
            note:
                - 110
                - 111
                - 116
                - 101
                - 98
                - 54
                - 52
            snd:
                - 181
                - 176
                - 219
                - 238
                - 106
                - 134
                - 42
                - 72
                - 146
                - 178
                - 183
                - 161
                - 7
                - 238
                - 87
                - 145
                - 92
                - 34
                - 110
                - 74
                - 164
                - 136
                - 138
                - 167
                - 248
                - 1
                - 168
                - 242
                - 0
                - 77
                - 71
                - 104
            type: acfg
