"Funding Contract: DVBPKB6YOW35LKMTLTVO3ML7G7V5QIB3SAXGUNY6CIW6H7IN7JV73MR7TQ\nLsig: fee-check.teal":
    confirmed-round: 55
    pool-error: ""
    txn:
        sig:
            - 3
            - 213
            - 19
            - 113
            - 234
            - 47
            - 69
            - 28
            - 228
            - 51
            - 207
            - 83
            - 85
            - 117
            - 142
            - 158
            - 11
            - 51
            - 159
            - 3
            - 152
            - 200
            - 239
            - 198
            - 135
            - 232
            - 47
            - 65
            - 60
            - 219
            - 252
            - 235
            - 113
            - 16
            - 17
            - 110
            - 193
            - 224
            - 91
            - 72
            - 138
            - 129
            - 248
            - 248
            - 133
            - 166
            - 33
            - 214
            - 26
            - 134
            - 74
            - 154
            - 188
            - 85
            - 246
            - 95
            - 161
            - 168
            - 136
            - 130
            - 60
            - 50
            - 19
            - 12
        txn:
            amt: 20000000
            fee: 239000
            fv: 53
            gen: private-v1
            gh:
                - 165
                - 68
                - 81
                - 122
                - 205
                - 65
                - 69
                - 68
                - 232
                - 149
                - 36
                - 146
                - 217
                - 145
                - 84
                - 52
                - 172
                - 230
                - 28
                - 109
                - 70
                - 26
                - 188
                - 62
                - 66
                - 16
                - 90
                - 86
                - 228
                - 99
                - 169
                - 180
            lv: 1053
            rcv:
                - 29
                - 66
                - 245
                - 7
                - 216
                - 117
                - 183
                - 213
                - 169
                - 147
                - 92
                - 234
                - 237
                - 177
                - 127
                - 55
                - 235
                - 216
                - 32
                - 59
                - 144
                - 46
                - 106
                - 55
                - 30
                - 18
                - 45
                - 227
                - 253
                - 13
                - 250
                - 107
            snd:
                - 181
                - 176
                - 219
                - 238
                - 106
                - 134
                - 42
                - 72
                - 146
                - 178
                - 183
                - 161
                - 7
                - 238
                - 87
                - 145
                - 92
                - 34
                - 110
                - 74
                - 164
                - 136
                - 138
                - 167
                - 248
                - 1
                - 168
                - 242
                - 0
                - 77
                - 71
                - 104
            type: pay
