"Funding Contract: GN5VUIE4D7WCYFLZK5LPQCL4Z66Y2RIIVCUG3U7FK4W5TKQSLK2G7V6TGY\nLsig: escrow.py":
    confirmed-round: 57
    pool-error: ""
    txn:
        sig:
            - 202
            - 90
            - 234
            - 201
            - 59
            - 16
            - 174
            - 131
            - 195
            - 90
            - 62
            - 155
            - 166
            - 10
            - 250
            - 113
            - 182
            - 99
            - 103
            - 158
            - 162
            - 255
            - 61
            - 142
            - 12
            - 192
            - 83
            - 191
            - 166
            - 41
            - 243
            - 96
            - 190
            - 22
            - 188
            - 182
            - 47
            - 143
            - 11
            - 87
            - 23
            - 230
            - 94
            - 176
            - 62
            - 206
            - 133
            - 225
            - 30
            - 24
            - 21
            - 38
            - 252
            - 225
            - 236
            - 146
            - 248
            - 27
            - 244
            - 107
            - 71
            - 92
            - 107
            - 9
        txn:
            amt: 20000000
            fee: 239000
            fv: 55
            gen: private-v1
            gh:
                - 165
                - 68
                - 81
                - 122
                - 205
                - 65
                - 69
                - 68
                - 232
                - 149
                - 36
                - 146
                - 217
                - 145
                - 84
                - 52
                - 172
                - 230
                - 28
                - 109
                - 70
                - 26
                - 188
                - 62
                - 66
                - 16
                - 90
                - 86
                - 228
                - 99
                - 169
                - 180
            lv: 1055
            rcv:
                - 51
                - 123
                - 90
                - 32
                - 156
                - 31
                - 236
                - 44
                - 21
                - 121
                - 87
                - 86
                - 248
                - 9
                - 124
                - 207
                - 189
                - 141
                - 69
                - 8
                - 168
                - 168
                - 109
                - 211
                - 229
                - 87
                - 45
                - 217
                - 170
                - 18
                - 90
                - 180
            snd:
                - 181
                - 176
                - 219
                - 238
                - 106
                - 134
                - 42
                - 72
                - 146
                - 178
                - 183
                - 161
                - 7
                - 238
                - 87
                - 145
                - 92
                - 34
                - 110
                - 74
                - 164
                - 136
                - 138
                - 167
                - 248
                - 1
                - 168
                - 242
                - 0
                - 77
                - 71
                - 104
            type: pay
