"Signed transaction with txID: LIP24RN3GPM7FLCSOFHSYGD3BPDYXS4JXTGQ4ITNYNLOISYYYV3A\nCreated new app-id: 5":
    application-index: 5
    confirmed-round: 17
    global-state-delta:
        - key: Y29udGVudA==
          value:
              action: 1
              bytes: Y29udGVudG1jb2NlbA==
        - key: Y3JlYXRvcg==
          value:
              action: 1
              bytes: tbDb7mqGKkiSsrehB+5XkVwibkqkiIqn+AGo8gBNR2g=
    pool-error: ""
    txn:
        sig:
            - 168
            - 183
            - 115
            - 244
            - 234
            - 96
            - 217
            - 106
            - 254
            - 23
            - 94
            - 43
            - 189
            - 86
            - 127
            - 105
            - 224
            - 84
            - 35
            - 220
            - 165
            - 246
            - 44
            - 235
            - 43
            - 197
            - 93
            - 67
            - 90
            - 125
            - 217
            - 169
            - 182
            - 121
            - 212
            - 84
            - 200
            - 141
            - 124
            - 109
            - 21
            - 123
            - 43
            - 93
            - 105
            - 182
            - 221
            - 139
            - 164
            - 55
            - 241
            - 35
            - 121
            - 135
            - 29
            - 108
            - 242
            - 222
            - 68
            - 102
            - 150
            - 162
            - 35
            - 14
        txn:
            apaa:
                - - 99
                  - 111
                  - 110
                  - 116
                  - 101
                  - 110
                  - 116
                  - 109
                  - 99
                  - 111
                  - 99
                  - 101
                  - 108
            apap:
                - 2
                - 32
                - 5
                - 0
                - 4
                - 5
                - 2
                - 1
                - 38
                - 5
                - 20
                - 115
                - 101
                - 116
                - 95
                - 105
                - 110
                - 99
                - 111
                - 109
                - 101
                - 95
                - 98
                - 101
                - 110
                - 101
                - 102
                - 95
                - 110
                - 117
                - 109
                - 16
                - 115
                - 101
                - 116
                - 95
                - 105
                - 110
                - 99
                - 111
                - 109
                - 101
                - 95
                - 98
                - 101
                - 110
                - 101
                - 102
                - 17
                - 98
                - 101
                - 110
                - 101
                - 102
                - 105
                - 99
                - 105
                - 97
                - 114
                - 105
                - 101
                - 115
                - 95
                - 110
                - 117
                - 109
                - 7
                - 99
                - 114
                - 101
                - 97
                - 116
                - 111
                - 114
                - 7
                - 99
                - 111
                - 110
                - 116
                - 101
                - 110
                - 116
                - 49
                - 24
                - 34
                - 18
                - 64
                - 0
                - 100
                - 49
                - 25
                - 35
                - 18
                - 64
                - 0
                - 91
                - 49
                - 25
                - 36
                - 18
                - 64
                - 0
                - 78
                - 49
                - 25
                - 37
                - 18
                - 64
                - 0
                - 68
                - 49
                - 25
                - 33
                - 4
                - 18
                - 64
                - 0
                - 57
                - 54
                - 26
                - 0
                - 40
                - 18
                - 64
                - 0
                - 21
                - 54
                - 26
                - 0
                - 41
                - 18
                - 64
                - 0
                - 1
                - 0
                - 33
                - 4
                - 54
                - 26
                - 1
                - 54
                - 28
                - 0
                - 102
                - 33
                - 4
                - 67
                - 49
                - 27
                - 37
                - 18
                - 64
                - 0
                - 1
                - 0
                - 49
                - 29
                - 33
                - 4
                - 18
                - 64
                - 0
                - 1
                - 0
                - 33
                - 4
                - 42
                - 54
                - 26
                - 1
                - 23
                - 102
                - 33
                - 4
                - 67
                - 33
                - 4
                - 67
                - 33
                - 4
                - 67
                - 49
                - 0
                - 43
                - 100
                - 18
                - 67
                - 34
                - 67
                - 43
                - 49
                - 0
                - 103
                - 49
                - 27
                - 33
                - 4
                - 18
                - 64
                - 0
                - 1
                - 0
                - 39
                - 4
                - 54
                - 26
                - 0
                - 103
                - 33
                - 4
                - 67
            apgs:
                nbs: 63
                nui: 1
            apls:
                nui: 16
            apsu:
                - 2
                - 32
                - 1
                - 1
                - 34
                - 67
            fee: 472000
            fv: 15
            gen: private-v1
            gh:
                - 194
                - 15
                - 86
                - 138
                - 125
                - 225
                - 214
                - 215
                - 143
                - 185
                - 1
                - 106
                - 138
                - 224
                - 50
                - 133
                - 244
                - 223
                - 96
                - 132
                - 202
                - 238
                - 35
                - 88
                - 82
                - 179
                - 140
                - 64
                - 204
                - 245
                - 89
                - 33
            lv: 1015
            snd:
                - 181
                - 176
                - 219
                - 238
                - 106
                - 134
                - 42
                - 72
                - 146
                - 178
                - 183
                - 161
                - 7
                - 238
                - 87
                - 145
                - 92
                - 34
                - 110
                - 74
                - 164
                - 136
                - 138
                - 167
                - 248
                - 1
                - 168
                - 242
                - 0
                - 77
                - 71
                - 104
            type: appl
