"Signed transaction with txID: 7TGAGXB74A4BDTLBDXVKPEAVB3GNC2J5KEYU44RHSBTJVGXO4LQA\nCreated new app-id: 2":
    application-index: 2
    confirmed-round: 5
    global-state-delta:
        - key: Y29udGVudA==
          value:
              action: 1
              bytes: Y29udGVudG1jb2NlbA==
        - key: Y3JlYXRvcg==
          value:
              action: 1
              bytes: tbDb7mqGKkiSsrehB+5XkVwibkqkiIqn+AGo8gBNR2g=
    pool-error: ""
    txn:
        sig:
            - 75
            - 37
            - 62
            - 57
            - 77
            - 71
            - 242
            - 136
            - 139
            - 234
            - 144
            - 113
            - 246
            - 112
            - 63
            - 157
            - 60
            - 171
            - 92
            - 186
            - 193
            - 202
            - 139
            - 220
            - 212
            - 62
            - 167
            - 199
            - 207
            - 110
            - 188
            - 87
            - 37
            - 202
            - 171
            - 235
            - 225
            - 105
            - 187
            - 109
            - 65
            - 90
            - 232
            - 151
            - 185
            - 180
            - 187
            - 222
            - 130
            - 54
            - 67
            - 188
            - 59
            - 95
            - 180
            - 52
            - 245
            - 158
            - 164
            - 13
            - 254
            - 70
            - 37
            - 0
        txn:
            apaa:
                - - 99
                  - 111
                  - 110
                  - 116
                  - 101
                  - 110
                  - 116
                  - 109
                  - 99
                  - 111
                  - 99
                  - 101
                  - 108
            apap:
                - 2
                - 32
                - 6
                - 0
                - 4
                - 5
                - 2
                - 1
                - 3
                - 38
                - 5
                - 20
                - 115
                - 101
                - 116
                - 95
                - 105
                - 110
                - 99
                - 111
                - 109
                - 101
                - 95
                - 98
                - 101
                - 110
                - 101
                - 102
                - 95
                - 110
                - 117
                - 109
                - 16
                - 115
                - 101
                - 116
                - 95
                - 105
                - 110
                - 99
                - 111
                - 109
                - 101
                - 95
                - 98
                - 101
                - 110
                - 101
                - 102
                - 17
                - 98
                - 101
                - 110
                - 101
                - 102
                - 105
                - 99
                - 105
                - 97
                - 114
                - 105
                - 101
                - 115
                - 95
                - 110
                - 117
                - 109
                - 7
                - 99
                - 114
                - 101
                - 97
                - 116
                - 111
                - 114
                - 7
                - 99
                - 111
                - 110
                - 116
                - 101
                - 110
                - 116
                - 49
                - 24
                - 34
                - 18
                - 64
                - 0
                - 119
                - 49
                - 25
                - 35
                - 18
                - 64
                - 0
                - 110
                - 49
                - 25
                - 36
                - 18
                - 64
                - 0
                - 97
                - 49
                - 25
                - 37
                - 18
                - 64
                - 0
                - 87
                - 49
                - 25
                - 33
                - 4
                - 18
                - 64
                - 0
                - 76
                - 54
                - 26
                - 0
                - 40
                - 18
                - 64
                - 0
                - 48
                - 54
                - 26
                - 0
                - 41
                - 18
                - 64
                - 0
                - 1
                - 0
                - 49
                - 27
                - 33
                - 5
                - 18
                - 64
                - 0
                - 1
                - 0
                - 49
                - 29
                - 37
                - 18
                - 64
                - 0
                - 1
                - 0
                - 33
                - 4
                - 54
                - 26
                - 1
                - 54
                - 28
                - 2
                - 102
                - 33
                - 4
                - 54
                - 28
                - 2
                - 54
                - 26
                - 2
                - 23
                - 102
                - 33
                - 4
                - 67
                - 49
                - 29
                - 33
                - 4
                - 18
                - 64
                - 0
                - 1
                - 0
                - 33
                - 4
                - 42
                - 54
                - 26
                - 1
                - 23
                - 102
                - 33
                - 4
                - 67
                - 33
                - 4
                - 67
                - 33
                - 4
                - 67
                - 49
                - 0
                - 43
                - 100
                - 18
                - 67
                - 34
                - 67
                - 43
                - 49
                - 0
                - 103
                - 49
                - 27
                - 33
                - 4
                - 18
                - 64
                - 0
                - 1
                - 0
                - 39
                - 4
                - 54
                - 26
                - 0
                - 103
                - 33
                - 4
                - 67
            apgs:
                nbs: 63
                nui: 1
            apls:
                nui: 16
            apsu:
                - 2
                - 32
                - 1
                - 1
                - 34
                - 67
            fee: 492000
            fv: 3
            gen: private-v1
            gh:
                - 231
                - 200
                - 14
                - 153
                - 102
                - 169
                - 59
                - 50
                - 169
                - 42
                - 104
                - 19
                - 20
                - 242
                - 254
                - 78
                - 242
                - 249
                - 246
                - 100
                - 1
                - 136
                - 133
                - 108
                - 216
                - 184
                - 208
                - 91
                - 56
                - 10
                - 33
                - 129
            lv: 1003
            snd:
                - 181
                - 176
                - 219
                - 238
                - 106
                - 134
                - 42
                - 72
                - 146
                - 178
                - 183
                - 161
                - 7
                - 238
                - 87
                - 145
                - 92
                - 34
                - 110
                - 74
                - 164
                - 136
                - 138
                - 167
                - 248
                - 1
                - 168
                - 242
                - 0
                - 77
                - 71
                - 104
            type: appl
