"Signed transaction with txID: 3R4LKJKSYOVW7ALRBP4JGPUXSLEDLLSOLTUM3D26FPK332RMODLQ\nCreated new app-id: 5":
    application-index: 5
    confirmed-round: 28
    global-state-delta:
        - key: Y29udGVudA==
          value:
              action: 1
              bytes: Y29udGVudG1jb2NlbA==
        - key: Y3JlYXRvcg==
          value:
              action: 1
              bytes: tbDb7mqGKkiSsrehB+5XkVwibkqkiIqn+AGo8gBNR2g=
    pool-error: ""
    txn:
        sig:
            - 133
            - 162
            - 148
            - 191
            - 75
            - 191
            - 44
            - 135
            - 198
            - 158
            - 23
            - 26
            - 54
            - 1
            - 41
            - 176
            - 252
            - 250
            - 61
            - 59
            - 25
            - 190
            - 120
            - 233
            - 31
            - 94
            - 169
            - 36
            - 4
            - 110
            - 238
            - 193
            - 46
            - 168
            - 55
            - 156
            - 9
            - 233
            - 254
            - 5
            - 223
            - 241
            - 159
            - 221
            - 166
            - 234
            - 56
            - 69
            - 44
            - 102
            - 118
            - 164
            - 150
            - 143
            - 253
            - 14
            - 148
            - 77
            - 241
            - 146
            - 217
            - 76
            - 78
            - 1
        txn:
            apaa:
                - - 99
                  - 111
                  - 110
                  - 116
                  - 101
                  - 110
                  - 116
                  - 109
                  - 99
                  - 111
                  - 99
                  - 101
                  - 108
            apap:
                - 2
                - 32
                - 6
                - 0
                - 4
                - 5
                - 2
                - 1
                - 3
                - 38
                - 5
                - 20
                - 115
                - 101
                - 116
                - 95
                - 105
                - 110
                - 99
                - 111
                - 109
                - 101
                - 95
                - 98
                - 101
                - 110
                - 101
                - 102
                - 95
                - 110
                - 117
                - 109
                - 16
                - 115
                - 101
                - 116
                - 95
                - 105
                - 110
                - 99
                - 111
                - 109
                - 101
                - 95
                - 98
                - 101
                - 110
                - 101
                - 102
                - 17
                - 98
                - 101
                - 110
                - 101
                - 102
                - 105
                - 99
                - 105
                - 97
                - 114
                - 105
                - 101
                - 115
                - 95
                - 110
                - 117
                - 109
                - 7
                - 99
                - 114
                - 101
                - 97
                - 116
                - 111
                - 114
                - 7
                - 99
                - 111
                - 110
                - 116
                - 101
                - 110
                - 116
                - 49
                - 24
                - 34
                - 18
                - 64
                - 0
                - 119
                - 49
                - 25
                - 35
                - 18
                - 64
                - 0
                - 110
                - 49
                - 25
                - 36
                - 18
                - 64
                - 0
                - 97
                - 49
                - 25
                - 37
                - 18
                - 64
                - 0
                - 87
                - 49
                - 25
                - 33
                - 4
                - 18
                - 64
                - 0
                - 76
                - 54
                - 26
                - 0
                - 40
                - 18
                - 64
                - 0
                - 48
                - 54
                - 26
                - 0
                - 41
                - 18
                - 64
                - 0
                - 1
                - 0
                - 49
                - 27
                - 33
                - 5
                - 18
                - 64
                - 0
                - 1
                - 0
                - 49
                - 29
                - 37
                - 18
                - 64
                - 0
                - 1
                - 0
                - 33
                - 4
                - 54
                - 26
                - 1
                - 54
                - 28
                - 2
                - 102
                - 33
                - 4
                - 54
                - 28
                - 2
                - 54
                - 26
                - 2
                - 23
                - 102
                - 33
                - 4
                - 67
                - 49
                - 29
                - 33
                - 4
                - 18
                - 64
                - 0
                - 1
                - 0
                - 33
                - 4
                - 42
                - 54
                - 26
                - 1
                - 23
                - 102
                - 33
                - 4
                - 67
                - 33
                - 4
                - 67
                - 33
                - 4
                - 67
                - 49
                - 0
                - 43
                - 100
                - 18
                - 67
                - 34
                - 67
                - 43
                - 49
                - 0
                - 103
                - 49
                - 27
                - 33
                - 4
                - 18
                - 64
                - 0
                - 1
                - 0
                - 39
                - 4
                - 54
                - 26
                - 0
                - 103
                - 33
                - 4
                - 67
            apgs:
                nbs: 63
                nui: 1
            apls:
                nui: 16
            apsu:
                - 2
                - 32
                - 1
                - 1
                - 34
                - 67
            fee: 492000
            fv: 26
            gen: private-v1
            gh:
                - 231
                - 200
                - 14
                - 153
                - 102
                - 169
                - 59
                - 50
                - 169
                - 42
                - 104
                - 19
                - 20
                - 242
                - 254
                - 78
                - 242
                - 249
                - 246
                - 100
                - 1
                - 136
                - 133
                - 108
                - 216
                - 184
                - 208
                - 91
                - 56
                - 10
                - 33
                - 129
            lv: 1026
            snd:
                - 181
                - 176
                - 219
                - 238
                - 106
                - 134
                - 42
                - 72
                - 146
                - 178
                - 183
                - 161
                - 7
                - 238
                - 87
                - 145
                - 92
                - 34
                - 110
                - 74
                - 164
                - 136
                - 138
                - 167
                - 248
                - 1
                - 168
                - 242
                - 0
                - 77
                - 71
                - 104
            type: appl
