"Signed transaction with txID: 6URZQDDQHKADUKGJFG7M2JF7PRVQENHG3MZ7B6LQBWWLCSJ357NA\nCreated new app-id: 8":
    application-index: 8
    confirmed-round: 1900
    global-state-delta:
        - key: dG90YWw=
          value:
              action: 2
        - key: Y3JlYXRvcg==
          value:
              action: 1
              bytes: tbDb7mqGKkiSsrehB+5XkVwibkqkiIqn+AGo8gBNR2g=
    pool-error: ""
    txn:
        sig:
            - 136
            - 205
            - 159
            - 198
            - 6
            - 151
            - 163
            - 219
            - 91
            - 238
            - 170
            - 23
            - 146
            - 170
            - 140
            - 57
            - 254
            - 193
            - 106
            - 70
            - 8
            - 47
            - 252
            - 147
            - 172
            - 184
            - 41
            - 130
            - 137
            - 250
            - 22
            - 66
            - 11
            - 88
            - 178
            - 108
            - 158
            - 228
            - 97
            - 214
            - 67
            - 227
            - 237
            - 235
            - 13
            - 88
            - 183
            - 136
            - 238
            - 214
            - 170
            - 45
            - 247
            - 132
            - 95
            - 238
            - 80
            - 232
            - 230
            - 116
            - 121
            - 127
            - 159
            - 3
        txn:
            apap:
                - 2
                - 32
                - 6
                - 0
                - 4
                - 5
                - 2
                - 1
                - 3
                - 38
                - 5
                - 6
                - 99
                - 114
                - 101
                - 97
                - 116
                - 101
                - 8
                - 116
                - 114
                - 97
                - 110
                - 115
                - 102
                - 101
                - 114
                - 7
                - 99
                - 114
                - 101
                - 97
                - 116
                - 111
                - 114
                - 5
                - 116
                - 111
                - 116
                - 97
                - 108
                - 2
                - 95
                - 104
                - 49
                - 24
                - 34
                - 18
                - 64
                - 0
                - 162
                - 49
                - 25
                - 35
                - 18
                - 64
                - 0
                - 153
                - 49
                - 25
                - 36
                - 18
                - 64
                - 0
                - 140
                - 49
                - 25
                - 37
                - 18
                - 64
                - 0
                - 130
                - 49
                - 25
                - 33
                - 4
                - 18
                - 64
                - 0
                - 119
                - 54
                - 26
                - 0
                - 40
                - 18
                - 64
                - 0
                - 49
                - 54
                - 26
                - 0
                - 41
                - 18
                - 64
                - 0
                - 1
                - 0
                - 49
                - 27
                - 37
                - 18
                - 49
                - 32
                - 50
                - 3
                - 18
                - 16
                - 33
                - 4
                - 54
                - 26
                - 1
                - 98
                - 33
                - 4
                - 18
                - 16
                - 64
                - 0
                - 1
                - 0
                - 33
                - 4
                - 54
                - 26
                - 1
                - 104
                - 37
                - 54
                - 26
                - 1
                - 33
                - 4
                - 102
                - 33
                - 4
                - 67
                - 49
                - 27
                - 33
                - 5
                - 18
                - 49
                - 0
                - 42
                - 100
                - 18
                - 16
                - 49
                - 32
                - 50
                - 3
                - 18
                - 16
                - 64
                - 0
                - 1
                - 0
                - 43
                - 43
                - 100
                - 33
                - 4
                - 8
                - 103
                - 43
                - 100
                - 22
                - 39
                - 4
                - 80
                - 53
                - 0
                - 43
                - 100
                - 22
                - 54
                - 26
                - 1
                - 103
                - 52
                - 0
                - 54
                - 26
                - 2
                - 103
                - 34
                - 43
                - 100
                - 22
                - 33
                - 4
                - 102
                - 49
                - 0
                - 42
                - 100
                - 18
                - 67
                - 33
                - 4
                - 67
                - 33
                - 4
                - 67
                - 49
                - 0
                - 42
                - 100
                - 18
                - 67
                - 34
                - 67
                - 42
                - 49
                - 0
                - 103
                - 49
                - 27
                - 34
                - 18
                - 64
                - 0
                - 1
                - 0
                - 43
                - 34
                - 103
                - 33
                - 4
                - 67
            apgs:
                nbs: 63
                nui: 1
            apls:
                nui: 16
            apsu:
                - 2
                - 32
                - 1
                - 1
                - 34
                - 67
            fee: 473000
            fv: 1898
            gen: private-v1
            gh:
                - 165
                - 68
                - 81
                - 122
                - 205
                - 65
                - 69
                - 68
                - 232
                - 149
                - 36
                - 146
                - 217
                - 145
                - 84
                - 52
                - 172
                - 230
                - 28
                - 109
                - 70
                - 26
                - 188
                - 62
                - 66
                - 16
                - 90
                - 86
                - 228
                - 99
                - 169
                - 180
            lv: 2898
            snd:
                - 181
                - 176
                - 219
                - 238
                - 106
                - 134
                - 42
                - 72
                - 146
                - 178
                - 183
                - 161
                - 7
                - 238
                - 87
                - 145
                - 92
                - 34
                - 110
                - 74
                - 164
                - 136
                - 138
                - 167
                - 248
                - 1
                - 168
                - 242
                - 0
                - 77
                - 71
                - 104
            type: appl
