"Signed transaction with txID: CMDF5K3YRSRJPETQ666MFY4AH3VJWBGNI4BSKCS4OLTU2U722DBA\nCreated new app-id: 35":
    application-index: 35
    confirmed-round: 348
    global-state-delta:
        - key: Y29udGVudA==
          value:
              action: 1
              bytes: Y29udGVudG1jb2NlbA==
        - key: Y3JlYXRvcg==
          value:
              action: 1
              bytes: tbDb7mqGKkiSsrehB+5XkVwibkqkiIqn+AGo8gBNR2g=
    pool-error: ""
    txn:
        sig:
            - 120
            - 213
            - 161
            - 50
            - 228
            - 162
            - 71
            - 85
            - 49
            - 107
            - 30
            - 123
            - 184
            - 100
            - 27
            - 200
            - 179
            - 95
            - 139
            - 167
            - 229
            - 121
            - 26
            - 39
            - 82
            - 105
            - 252
            - 81
            - 196
            - 155
            - 21
            - 208
            - 170
            - 17
            - 131
            - 22
            - 168
            - 60
            - 196
            - 234
            - 57
            - 228
            - 116
            - 228
            - 155
            - 199
            - 133
            - 255
            - 20
            - 38
            - 146
            - 239
            - 175
            - 81
            - 6
            - 87
            - 167
            - 174
            - 212
            - 22
            - 117
            - 174
            - 18
            - 10
        txn:
            apaa:
                - - 99
                  - 111
                  - 110
                  - 116
                  - 101
                  - 110
                  - 116
                  - 109
                  - 99
                  - 111
                  - 99
                  - 101
                  - 108
            apap:
                - 2
                - 32
                - 5
                - 0
                - 4
                - 5
                - 2
                - 1
                - 38
                - 5
                - 20
                - 115
                - 101
                - 116
                - 95
                - 105
                - 110
                - 99
                - 111
                - 109
                - 101
                - 95
                - 98
                - 101
                - 110
                - 101
                - 102
                - 95
                - 110
                - 117
                - 109
                - 16
                - 115
                - 101
                - 116
                - 95
                - 105
                - 110
                - 99
                - 111
                - 109
                - 101
                - 95
                - 98
                - 101
                - 110
                - 101
                - 102
                - 17
                - 98
                - 101
                - 110
                - 101
                - 102
                - 105
                - 99
                - 105
                - 97
                - 114
                - 105
                - 101
                - 115
                - 95
                - 110
                - 117
                - 109
                - 7
                - 99
                - 114
                - 101
                - 97
                - 116
                - 111
                - 114
                - 7
                - 99
                - 111
                - 110
                - 116
                - 101
                - 110
                - 116
                - 49
                - 24
                - 34
                - 18
                - 64
                - 0
                - 98
                - 49
                - 25
                - 35
                - 18
                - 64
                - 0
                - 89
                - 49
                - 25
                - 36
                - 18
                - 64
                - 0
                - 76
                - 49
                - 25
                - 37
                - 18
                - 64
                - 0
                - 66
                - 49
                - 25
                - 33
                - 4
                - 18
                - 64
                - 0
                - 55
                - 54
                - 26
                - 0
                - 40
                - 18
                - 64
                - 0
                - 19
                - 54
                - 26
                - 0
                - 41
                - 18
                - 64
                - 0
                - 1
                - 0
                - 33
                - 4
                - 42
                - 54
                - 28
                - 1
                - 102
                - 33
                - 4
                - 67
                - 49
                - 27
                - 37
                - 18
                - 64
                - 0
                - 1
                - 0
                - 49
                - 29
                - 33
                - 4
                - 18
                - 64
                - 0
                - 1
                - 0
                - 33
                - 4
                - 42
                - 54
                - 26
                - 1
                - 23
                - 102
                - 33
                - 4
                - 67
                - 33
                - 4
                - 67
                - 33
                - 4
                - 67
                - 49
                - 0
                - 43
                - 100
                - 18
                - 67
                - 34
                - 67
                - 43
                - 49
                - 0
                - 103
                - 49
                - 27
                - 33
                - 4
                - 18
                - 64
                - 0
                - 1
                - 0
                - 39
                - 4
                - 54
                - 26
                - 0
                - 103
                - 33
                - 4
                - 67
            apgs:
                nbs: 63
                nui: 1
            apls:
                nui: 16
            apsu:
                - 2
                - 32
                - 1
                - 1
                - 34
                - 67
            fee: 472000
            fv: 346
            gen: private-v1
            gh:
                - 231
                - 200
                - 14
                - 153
                - 102
                - 169
                - 59
                - 50
                - 169
                - 42
                - 104
                - 19
                - 20
                - 242
                - 254
                - 78
                - 242
                - 249
                - 246
                - 100
                - 1
                - 136
                - 133
                - 108
                - 216
                - 184
                - 208
                - 91
                - 56
                - 10
                - 33
                - 129
            lv: 1346
            snd:
                - 181
                - 176
                - 219
                - 238
                - 106
                - 134
                - 42
                - 72
                - 146
                - 178
                - 183
                - 161
                - 7
                - 238
                - 87
                - 145
                - 92
                - 34
                - 110
                - 74
                - 164
                - 136
                - 138
                - 167
                - 248
                - 1
                - 168
                - 242
                - 0
                - 77
                - 71
                - 104
            type: appl
