"Signed transaction with txID: DFDNPFVMNHARCFBZTVO6Q7ZC5Y7ESHCVEOZZ4QWPWD6KJ6CQX7UQ\nCreated new app-id: 2":
    application-index: 2
    confirmed-round: 6
    global-state-delta:
        - key: Y29udGVudA==
          value:
              action: 1
              bytes: Y29udGVudG1jb2NlbA==
        - key: Y3JlYXRvcg==
          value:
              action: 1
              bytes: tbDb7mqGKkiSsrehB+5XkVwibkqkiIqn+AGo8gBNR2g=
    pool-error: ""
    txn:
        sig:
            - 65
            - 166
            - 83
            - 197
            - 11
            - 220
            - 100
            - 76
            - 158
            - 58
            - 18
            - 52
            - 173
            - 9
            - 140
            - 137
            - 65
            - 45
            - 62
            - 24
            - 143
            - 167
            - 149
            - 137
            - 93
            - 4
            - 142
            - 215
            - 159
            - 37
            - 21
            - 195
            - 254
            - 106
            - 133
            - 68
            - 195
            - 19
            - 156
            - 189
            - 130
            - 80
            - 33
            - 96
            - 17
            - 163
            - 26
            - 227
            - 2
            - 150
            - 176
            - 157
            - 159
            - 2
            - 192
            - 6
            - 253
            - 148
            - 169
            - 14
            - 187
            - 51
            - 151
            - 1
        txn:
            apaa:
                - - 99
                  - 111
                  - 110
                  - 116
                  - 101
                  - 110
                  - 116
                  - 109
                  - 99
                  - 111
                  - 99
                  - 101
                  - 108
            apap:
                - 2
                - 32
                - 5
                - 0
                - 4
                - 5
                - 2
                - 1
                - 38
                - 5
                - 20
                - 115
                - 101
                - 116
                - 95
                - 105
                - 110
                - 99
                - 111
                - 109
                - 101
                - 95
                - 98
                - 101
                - 110
                - 101
                - 102
                - 95
                - 110
                - 117
                - 109
                - 16
                - 115
                - 101
                - 116
                - 95
                - 105
                - 110
                - 99
                - 111
                - 109
                - 101
                - 95
                - 98
                - 101
                - 110
                - 101
                - 102
                - 17
                - 98
                - 101
                - 110
                - 101
                - 102
                - 105
                - 99
                - 105
                - 97
                - 114
                - 105
                - 101
                - 115
                - 95
                - 110
                - 117
                - 109
                - 7
                - 99
                - 114
                - 101
                - 97
                - 116
                - 111
                - 114
                - 7
                - 99
                - 111
                - 110
                - 116
                - 101
                - 110
                - 116
                - 49
                - 24
                - 34
                - 18
                - 64
                - 0
                - 100
                - 49
                - 25
                - 35
                - 18
                - 64
                - 0
                - 91
                - 49
                - 25
                - 36
                - 18
                - 64
                - 0
                - 78
                - 49
                - 25
                - 37
                - 18
                - 64
                - 0
                - 68
                - 49
                - 25
                - 33
                - 4
                - 18
                - 64
                - 0
                - 57
                - 54
                - 26
                - 0
                - 40
                - 18
                - 64
                - 0
                - 21
                - 54
                - 26
                - 0
                - 41
                - 18
                - 64
                - 0
                - 1
                - 0
                - 33
                - 4
                - 54
                - 26
                - 1
                - 54
                - 28
                - 0
                - 102
                - 33
                - 4
                - 67
                - 49
                - 27
                - 37
                - 18
                - 64
                - 0
                - 1
                - 0
                - 49
                - 29
                - 33
                - 4
                - 18
                - 64
                - 0
                - 1
                - 0
                - 33
                - 4
                - 42
                - 54
                - 26
                - 1
                - 23
                - 102
                - 33
                - 4
                - 67
                - 33
                - 4
                - 67
                - 33
                - 4
                - 67
                - 49
                - 0
                - 43
                - 100
                - 18
                - 67
                - 34
                - 67
                - 43
                - 49
                - 0
                - 103
                - 49
                - 27
                - 33
                - 4
                - 18
                - 64
                - 0
                - 1
                - 0
                - 39
                - 4
                - 54
                - 26
                - 0
                - 103
                - 33
                - 4
                - 67
            apgs:
                nbs: 63
                nui: 1
            apls:
                nui: 16
            apsu:
                - 2
                - 32
                - 1
                - 1
                - 34
                - 67
            fee: 472000
            fv: 3
            gen: private-v1
            gh:
                - 194
                - 15
                - 86
                - 138
                - 125
                - 225
                - 214
                - 215
                - 143
                - 185
                - 1
                - 106
                - 138
                - 224
                - 50
                - 133
                - 244
                - 223
                - 96
                - 132
                - 202
                - 238
                - 35
                - 88
                - 82
                - 179
                - 140
                - 64
                - 204
                - 245
                - 89
                - 33
            lv: 1003
            snd:
                - 181
                - 176
                - 219
                - 238
                - 106
                - 134
                - 42
                - 72
                - 146
                - 178
                - 183
                - 161
                - 7
                - 238
                - 87
                - 145
                - 92
                - 34
                - 110
                - 74
                - 164
                - 136
                - 138
                - 167
                - 248
                - 1
                - 168
                - 242
                - 0
                - 77
                - 71
                - 104
            type: appl
