"Signed transaction with txID: 2VEHTIGM6HRKZITT2TZSASYQG24KG6WM5TVROOQBAHQOJF3MI4KA\nCreated new app-id: 17":
    application-index: 17
    confirmed-round: 2844
    global-state-delta:
        - key: Y29udGVudA==
          value:
              action: 1
              bytes: Y29udGVudG1jb2NlbA==
        - key: Y3JlYXRvcg==
          value:
              action: 1
              bytes: tbDb7mqGKkiSsrehB+5XkVwibkqkiIqn+AGo8gBNR2g=
    pool-error: ""
    sender-rewards: 1999334
    txn:
        sig:
            - 168
            - 159
            - 47
            - 200
            - 25
            - 104
            - 35
            - 42
            - 75
            - 177
            - 180
            - 47
            - 174
            - 108
            - 10
            - 62
            - 18
            - 252
            - 90
            - 158
            - 238
            - 39
            - 27
            - 148
            - 181
            - 5
            - 4
            - 45
            - 93
            - 60
            - 149
            - 86
            - 47
            - 69
            - 123
            - 255
            - 210
            - 56
            - 12
            - 188
            - 148
            - 92
            - 187
            - 89
            - 255
            - 67
            - 166
            - 188
            - 253
            - 245
            - 223
            - 40
            - 226
            - 244
            - 83
            - 73
            - 73
            - 162
            - 166
            - 125
            - 92
            - 170
            - 86
            - 13
        txn:
            apaa:
                - - 99
                  - 111
                  - 110
                  - 116
                  - 101
                  - 110
                  - 116
                  - 109
                  - 99
                  - 111
                  - 99
                  - 101
                  - 108
            apap:
                - 2
                - 32
                - 5
                - 0
                - 4
                - 5
                - 2
                - 1
                - 38
                - 3
                - 11
                - 115
                - 101
                - 116
                - 95
                - 105
                - 110
                - 99
                - 111
                - 109
                - 101
                - 115
                - 7
                - 99
                - 114
                - 101
                - 97
                - 116
                - 111
                - 114
                - 7
                - 99
                - 111
                - 110
                - 116
                - 101
                - 110
                - 116
                - 49
                - 24
                - 34
                - 18
                - 64
                - 0
                - 63
                - 49
                - 25
                - 35
                - 18
                - 64
                - 0
                - 54
                - 49
                - 25
                - 36
                - 18
                - 64
                - 0
                - 41
                - 49
                - 25
                - 37
                - 18
                - 64
                - 0
                - 31
                - 49
                - 25
                - 33
                - 4
                - 18
                - 64
                - 0
                - 20
                - 54
                - 26
                - 0
                - 40
                - 18
                - 64
                - 0
                - 1
                - 0
                - 49
                - 29
                - 37
                - 18
                - 64
                - 0
                - 1
                - 0
                - 33
                - 4
                - 67
                - 33
                - 4
                - 67
                - 33
                - 4
                - 67
                - 49
                - 0
                - 41
                - 100
                - 18
                - 67
                - 34
                - 67
                - 41
                - 49
                - 0
                - 103
                - 42
                - 54
                - 26
                - 0
                - 103
                - 49
                - 27
                - 34
                - 13
                - 64
                - 0
                - 1
                - 0
                - 33
                - 4
                - 53
                - 0
                - 33
                - 4
                - 67
            apgs:
                nbs: 63
                nui: 1
            apls:
                nui: 16
            apsu:
                - 2
                - 32
                - 1
                - 1
                - 34
                - 67
            fee: 395000
            fv: 2842
            gen: private-v1
            gh:
                - 19
                - 119
                - 62
                - 48
                - 140
                - 17
                - 220
                - 103
                - 138
                - 123
                - 219
                - 134
                - 239
                - 100
                - 157
                - 122
                - 219
                - 195
                - 190
                - 50
                - 87
                - 115
                - 106
                - 110
                - 210
                - 37
                - 249
                - 11
                - 131
                - 121
                - 135
                - 95
            lv: 3842
            snd:
                - 181
                - 176
                - 219
                - 238
                - 106
                - 134
                - 42
                - 72
                - 146
                - 178
                - 183
                - 161
                - 7
                - 238
                - 87
                - 145
                - 92
                - 34
                - 110
                - 74
                - 164
                - 136
                - 138
                - 167
                - 248
                - 1
                - 168
                - 242
                - 0
                - 77
                - 71
                - 104
            type: appl
