"Signed transaction with txID: AAFGXKEQ7KNKEG4WCL2LSWNPM7VYGRMLSFRT5TFEJKTYIDSIIQBQ\nCreated new app-id: 8":
    application-index: 8
    confirmed-round: 187
    global-state-delta:
        - key: Y3JlYXRvcg==
          value:
              action: 1
              bytes: tbDb7mqGKkiSsrehB+5XkVwibkqkiIqn+AGo8gBNR2g=
        - key: dG90YWw=
          value:
              action: 1
              bytes: Y29udGVudG1jb2NlbA==
    pool-error: ""
    txn:
        sig:
            - 39
            - 58
            - 152
            - 53
            - 166
            - 137
            - 182
            - 39
            - 112
            - 242
            - 195
            - 95
            - 175
            - 221
            - 112
            - 183
            - 64
            - 224
            - 228
            - 36
            - 79
            - 161
            - 71
            - 37
            - 136
            - 20
            - 237
            - 16
            - 187
            - 131
            - 78
            - 198
            - 9
            - 162
            - 168
            - 116
            - 8
            - 215
            - 255
            - 174
            - 243
            - 167
            - 19
            - 147
            - 244
            - 4
            - 85
            - 67
            - 247
            - 177
            - 83
            - 76
            - 172
            - 180
            - 210
            - 247
            - 201
            - 227
            - 46
            - 213
            - 215
            - 123
            - 249
            - 6
        txn:
            apaa:
                - - 99
                  - 111
                  - 110
                  - 116
                  - 101
                  - 110
                  - 116
                  - 109
                  - 99
                  - 111
                  - 99
                  - 101
                  - 108
            apap:
                - 2
                - 32
                - 5
                - 0
                - 4
                - 5
                - 2
                - 1
                - 38
                - 2
                - 7
                - 99
                - 114
                - 101
                - 97
                - 116
                - 111
                - 114
                - 5
                - 116
                - 111
                - 116
                - 97
                - 108
                - 49
                - 24
                - 34
                - 18
                - 64
                - 0
                - 44
                - 49
                - 25
                - 35
                - 18
                - 64
                - 0
                - 35
                - 49
                - 25
                - 36
                - 18
                - 64
                - 0
                - 22
                - 49
                - 25
                - 37
                - 18
                - 64
                - 0
                - 12
                - 49
                - 25
                - 33
                - 4
                - 18
                - 64
                - 0
                - 1
                - 0
                - 33
                - 4
                - 67
                - 33
                - 4
                - 67
                - 49
                - 0
                - 40
                - 100
                - 18
                - 67
                - 34
                - 67
                - 40
                - 49
                - 0
                - 103
                - 41
                - 54
                - 26
                - 0
                - 103
                - 33
                - 4
                - 67
            apgs:
                nbs: 63
                nui: 1
            apls:
                nui: 16
            apsu:
                - 2
                - 32
                - 1
                - 1
                - 34
                - 67
            fee: 349000
            fv: 185
            gen: private-v1
            gh:
                - 19
                - 119
                - 62
                - 48
                - 140
                - 17
                - 220
                - 103
                - 138
                - 123
                - 219
                - 134
                - 239
                - 100
                - 157
                - 122
                - 219
                - 195
                - 190
                - 50
                - 87
                - 115
                - 106
                - 110
                - 210
                - 37
                - 249
                - 11
                - 131
                - 121
                - 135
                - 95
            lv: 1185
            snd:
                - 181
                - 176
                - 219
                - 238
                - 106
                - 134
                - 42
                - 72
                - 146
                - 178
                - 183
                - 161
                - 7
                - 238
                - 87
                - 145
                - 92
                - 34
                - 110
                - 74
                - 164
                - 136
                - 138
                - 167
                - 248
                - 1
                - 168
                - 242
                - 0
                - 77
                - 71
                - 104
            type: appl
