"Signed transaction with txID: ZNH6VQZFIMO5WMEWWUAZA377525O73BE5ZSWSBKBD2N6Y5HAKJWA\nCreated new app-id: 27":
    application-index: 27
    confirmed-round: 3801
    global-state-delta:
        - key: Y29udGVudA==
          value:
              action: 1
              bytes: Y29udGVudG1jb2NlbA==
        - key: Y3JlYXRvcg==
          value:
              action: 1
              bytes: tbDb7mqGKkiSsrehB+5XkVwibkqkiIqn+AGo8gBNR2g=
    pool-error: ""
    sender-rewards: 1999380
    txn:
        sig:
            - 147
            - 2
            - 62
            - 106
            - 159
            - 138
            - 188
            - 54
            - 105
            - 86
            - 97
            - 117
            - 35
            - 64
            - 133
            - 30
            - 100
            - 97
            - 148
            - 63
            - 55
            - 93
            - 151
            - 38
            - 116
            - 219
            - 106
            - 70
            - 240
            - 115
            - 146
            - 153
            - 217
            - 31
            - 96
            - 7
            - 147
            - 219
            - 1
            - 216
            - 200
            - 78
            - 155
            - 130
            - 25
            - 154
            - 242
            - 6
            - 223
            - 183
            - 20
            - 28
            - 252
            - 231
            - 21
            - 72
            - 204
            - 16
            - 194
            - 107
            - 158
            - 146
            - 242
            - 3
        txn:
            apaa:
                - - 99
                  - 111
                  - 110
                  - 116
                  - 101
                  - 110
                  - 116
                  - 109
                  - 99
                  - 111
                  - 99
                  - 101
                  - 108
            apap:
                - 2
                - 32
                - 6
                - 0
                - 4
                - 5
                - 2
                - 1
                - 3
                - 38
                - 5
                - 20
                - 115
                - 101
                - 116
                - 95
                - 105
                - 110
                - 99
                - 111
                - 109
                - 101
                - 95
                - 98
                - 101
                - 110
                - 101
                - 102
                - 95
                - 110
                - 117
                - 109
                - 16
                - 115
                - 101
                - 116
                - 95
                - 105
                - 110
                - 99
                - 111
                - 109
                - 101
                - 95
                - 98
                - 101
                - 110
                - 101
                - 102
                - 17
                - 98
                - 101
                - 110
                - 101
                - 102
                - 105
                - 99
                - 105
                - 97
                - 114
                - 105
                - 101
                - 115
                - 95
                - 110
                - 117
                - 109
                - 7
                - 99
                - 114
                - 101
                - 97
                - 116
                - 111
                - 114
                - 7
                - 99
                - 111
                - 110
                - 116
                - 101
                - 110
                - 116
                - 49
                - 24
                - 34
                - 18
                - 64
                - 0
                - 119
                - 49
                - 25
                - 35
                - 18
                - 64
                - 0
                - 110
                - 49
                - 25
                - 36
                - 18
                - 64
                - 0
                - 97
                - 49
                - 25
                - 37
                - 18
                - 64
                - 0
                - 87
                - 49
                - 25
                - 33
                - 4
                - 18
                - 64
                - 0
                - 76
                - 54
                - 26
                - 0
                - 40
                - 18
                - 64
                - 0
                - 48
                - 54
                - 26
                - 0
                - 41
                - 18
                - 64
                - 0
                - 1
                - 0
                - 49
                - 27
                - 33
                - 5
                - 18
                - 64
                - 0
                - 1
                - 0
                - 49
                - 29
                - 37
                - 18
                - 64
                - 0
                - 1
                - 0
                - 33
                - 4
                - 54
                - 26
                - 1
                - 54
                - 28
                - 2
                - 102
                - 33
                - 4
                - 54
                - 28
                - 2
                - 54
                - 26
                - 2
                - 23
                - 102
                - 33
                - 4
                - 67
                - 49
                - 29
                - 33
                - 4
                - 18
                - 64
                - 0
                - 1
                - 0
                - 33
                - 4
                - 42
                - 54
                - 26
                - 1
                - 23
                - 102
                - 33
                - 4
                - 67
                - 33
                - 4
                - 67
                - 33
                - 4
                - 67
                - 49
                - 0
                - 43
                - 100
                - 18
                - 67
                - 34
                - 67
                - 43
                - 49
                - 0
                - 103
                - 49
                - 27
                - 33
                - 4
                - 18
                - 64
                - 0
                - 1
                - 0
                - 39
                - 4
                - 54
                - 26
                - 0
                - 103
                - 33
                - 4
                - 67
            apgs:
                nbs: 63
                nui: 1
            apls:
                nui: 16
            apsu:
                - 2
                - 32
                - 1
                - 1
                - 34
                - 67
            fee: 494000
            fv: 3799
            gen: private-v1
            gh:
                - 19
                - 119
                - 62
                - 48
                - 140
                - 17
                - 220
                - 103
                - 138
                - 123
                - 219
                - 134
                - 239
                - 100
                - 157
                - 122
                - 219
                - 195
                - 190
                - 50
                - 87
                - 115
                - 106
                - 110
                - 210
                - 37
                - 249
                - 11
                - 131
                - 121
                - 135
                - 95
            lv: 4799
            snd:
                - 181
                - 176
                - 219
                - 238
                - 106
                - 134
                - 42
                - 72
                - 146
                - 178
                - 183
                - 161
                - 7
                - 238
                - 87
                - 145
                - 92
                - 34
                - 110
                - 74
                - 164
                - 136
                - 138
                - 167
                - 248
                - 1
                - 168
                - 242
                - 0
                - 77
                - 71
                - 104
            type: appl
