"Signed transaction with txID: QDLKLMG64PLKVZNTUOGUX53ATXZVUPBEWFBPOE7C6LTCL4VEPEDA\nCreated new app-id: 20":
    application-index: 20
    confirmed-round: 2877
    global-state-delta:
        - key: Y29udGVudA==
          value:
              action: 1
              bytes: Y29udGVudG1jb2NlbA==
        - key: Y3JlYXRvcg==
          value:
              action: 1
              bytes: tbDb7mqGKkiSsrehB+5XkVwibkqkiIqn+AGo8gBNR2g=
    pool-error: ""
    txn:
        sig:
            - 144
            - 55
            - 89
            - 37
            - 15
            - 242
            - 78
            - 107
            - 214
            - 12
            - 17
            - 251
            - 24
            - 241
            - 229
            - 215
            - 67
            - 222
            - 67
            - 217
            - 246
            - 114
            - 112
            - 105
            - 101
            - 119
            - 51
            - 187
            - 139
            - 17
            - 171
            - 145
            - 229
            - 26
            - 1
            - 116
            - 227
            - 152
            - 202
            - 174
            - 244
            - 36
            - 186
            - 100
            - 44
            - 160
            - 10
            - 100
            - 119
            - 79
            - 174
            - 40
            - 47
            - 175
            - 114
            - 9
            - 145
            - 166
            - 114
            - 126
            - 60
            - 90
            - 56
            - 2
        txn:
            apaa:
                - - 99
                  - 111
                  - 110
                  - 116
                  - 101
                  - 110
                  - 116
                  - 109
                  - 99
                  - 111
                  - 99
                  - 101
                  - 108
            apap:
                - 2
                - 32
                - 5
                - 0
                - 4
                - 5
                - 2
                - 1
                - 38
                - 3
                - 11
                - 115
                - 101
                - 116
                - 95
                - 105
                - 110
                - 99
                - 111
                - 109
                - 101
                - 115
                - 7
                - 99
                - 114
                - 101
                - 97
                - 116
                - 111
                - 114
                - 7
                - 99
                - 111
                - 110
                - 116
                - 101
                - 110
                - 116
                - 49
                - 24
                - 34
                - 18
                - 64
                - 0
                - 63
                - 49
                - 25
                - 35
                - 18
                - 64
                - 0
                - 54
                - 49
                - 25
                - 36
                - 18
                - 64
                - 0
                - 41
                - 49
                - 25
                - 37
                - 18
                - 64
                - 0
                - 31
                - 49
                - 25
                - 33
                - 4
                - 18
                - 64
                - 0
                - 20
                - 54
                - 26
                - 0
                - 40
                - 18
                - 64
                - 0
                - 1
                - 0
                - 49
                - 29
                - 37
                - 18
                - 64
                - 0
                - 1
                - 0
                - 33
                - 4
                - 67
                - 33
                - 4
                - 67
                - 33
                - 4
                - 67
                - 49
                - 0
                - 41
                - 100
                - 18
                - 67
                - 34
                - 67
                - 41
                - 49
                - 0
                - 103
                - 42
                - 54
                - 26
                - 0
                - 103
                - 49
                - 27
                - 34
                - 13
                - 64
                - 0
                - 1
                - 0
                - 33
                - 4
                - 53
                - 0
                - 33
                - 4
                - 67
            apgs:
                nbs: 63
                nui: 1
            apls:
                nui: 16
            apsu:
                - 2
                - 32
                - 1
                - 1
                - 34
                - 67
            fee: 395000
            fv: 2875
            gen: private-v1
            gh:
                - 19
                - 119
                - 62
                - 48
                - 140
                - 17
                - 220
                - 103
                - 138
                - 123
                - 219
                - 134
                - 239
                - 100
                - 157
                - 122
                - 219
                - 195
                - 190
                - 50
                - 87
                - 115
                - 106
                - 110
                - 210
                - 37
                - 249
                - 11
                - 131
                - 121
                - 135
                - 95
            lv: 3875
            snd:
                - 181
                - 176
                - 219
                - 238
                - 106
                - 134
                - 42
                - 72
                - 146
                - 178
                - 183
                - 161
                - 7
                - 238
                - 87
                - 145
                - 92
                - 34
                - 110
                - 74
                - 164
                - 136
                - 138
                - 167
                - 248
                - 1
                - 168
                - 242
                - 0
                - 77
                - 71
                - 104
            type: appl
