"Signed transaction with txID: CFXVHSCV47BHXQAPAMXORLOT4JZKJHGXCRPHSLOE3CBBAWMJCXIQ\nCreated new app-id: 76":
    application-index: 76
    confirmed-round: 1249
    global-state-delta:
        - key: Y29udGVudA==
          value:
              action: 1
              bytes: Y29udGVudG1jb2NlbA==
        - key: Y3JlYXRvcg==
          value:
              action: 1
              bytes: tbDb7mqGKkiSsrehB+5XkVwibkqkiIqn+AGo8gBNR2g=
    pool-error: ""
    txn:
        sig:
            - 54
            - 144
            - 225
            - 5
            - 204
            - 57
            - 163
            - 222
            - 77
            - 254
            - 251
            - 87
            - 163
            - 188
            - 66
            - 121
            - 9
            - 2
            - 127
            - 3
            - 128
            - 184
            - 172
            - 147
            - 103
            - 42
            - 102
            - 91
            - 240
            - 225
            - 55
            - 211
            - 213
            - 151
            - 19
            - 132
            - 170
            - 254
            - 238
            - 86
            - 139
            - 74
            - 107
            - 240
            - 165
            - 111
            - 180
            - 84
            - 122
            - 141
            - 160
            - 49
            - 227
            - 219
            - 24
            - 132
            - 66
            - 182
            - 248
            - 153
            - 4
            - 102
            - 249
            - 5
        txn:
            apaa:
                - - 99
                  - 111
                  - 110
                  - 116
                  - 101
                  - 110
                  - 116
                  - 109
                  - 99
                  - 111
                  - 99
                  - 101
                  - 108
            apap:
                - 2
                - 32
                - 5
                - 0
                - 4
                - 5
                - 2
                - 1
                - 38
                - 6
                - 20
                - 115
                - 101
                - 116
                - 95
                - 105
                - 110
                - 99
                - 111
                - 109
                - 101
                - 95
                - 98
                - 101
                - 110
                - 101
                - 102
                - 95
                - 110
                - 117
                - 109
                - 16
                - 115
                - 101
                - 116
                - 95
                - 105
                - 110
                - 99
                - 111
                - 109
                - 101
                - 95
                - 98
                - 101
                - 110
                - 101
                - 102
                - 6
                - 112
                - 97
                - 121
                - 95
                - 116
                - 111
                - 17
                - 98
                - 101
                - 110
                - 101
                - 102
                - 105
                - 99
                - 105
                - 97
                - 114
                - 105
                - 101
                - 115
                - 95
                - 110
                - 117
                - 109
                - 7
                - 99
                - 114
                - 101
                - 97
                - 116
                - 111
                - 114
                - 7
                - 99
                - 111
                - 110
                - 116
                - 101
                - 110
                - 116
                - 49
                - 24
                - 34
                - 18
                - 64
                - 0
                - 141
                - 49
                - 25
                - 35
                - 18
                - 64
                - 0
                - 132
                - 49
                - 25
                - 36
                - 18
                - 64
                - 0
                - 118
                - 49
                - 25
                - 37
                - 18
                - 64
                - 0
                - 108
                - 49
                - 25
                - 33
                - 4
                - 18
                - 64
                - 0
                - 97
                - 54
                - 26
                - 0
                - 40
                - 18
                - 64
                - 0
                - 61
                - 54
                - 26
                - 0
                - 41
                - 18
                - 64
                - 0
                - 23
                - 54
                - 26
                - 0
                - 42
                - 18
                - 64
                - 0
                - 1
                - 0
                - 33
                - 4
                - 43
                - 98
                - 33
                - 4
                - 18
                - 64
                - 0
                - 1
                - 0
                - 33
                - 4
                - 67
                - 49
                - 27
                - 35
                - 18
                - 64
                - 0
                - 1
                - 0
                - 33
                - 4
                - 54
                - 26
                - 1
                - 54
                - 26
                - 2
                - 102
                - 33
                - 4
                - 54
                - 26
                - 2
                - 54
                - 26
                - 3
                - 23
                - 102
                - 33
                - 4
                - 67
                - 49
                - 27
                - 37
                - 18
                - 64
                - 0
                - 1
                - 0
                - 49
                - 29
                - 33
                - 4
                - 18
                - 64
                - 0
                - 1
                - 0
                - 33
                - 4
                - 43
                - 54
                - 26
                - 1
                - 23
                - 102
                - 33
                - 4
                - 67
                - 33
                - 4
                - 67
                - 33
                - 4
                - 67
                - 49
                - 0
                - 39
                - 4
                - 100
                - 18
                - 67
                - 34
                - 67
                - 39
                - 4
                - 49
                - 0
                - 103
                - 49
                - 27
                - 33
                - 4
                - 18
                - 64
                - 0
                - 1
                - 0
                - 39
                - 5
                - 54
                - 26
                - 0
                - 103
                - 33
                - 4
                - 67
            apgs:
                nbs: 63
                nui: 1
            apls:
                nbs: 8
                nui: 8
            apsu:
                - 2
                - 32
                - 1
                - 1
                - 34
                - 67
            fee: 529000
            fv: 1247
            gen: private-v1
            gh:
                - 71
                - 135
                - 161
                - 121
                - 145
                - 36
                - 187
                - 21
                - 152
                - 21
                - 32
                - 169
                - 117
                - 136
                - 57
                - 125
                - 158
                - 183
                - 149
                - 4
                - 176
                - 113
                - 227
                - 162
                - 221
                - 101
                - 161
                - 234
                - 51
                - 193
                - 12
                - 6
            lv: 2247
            snd:
                - 181
                - 176
                - 219
                - 238
                - 106
                - 134
                - 42
                - 72
                - 146
                - 178
                - 183
                - 161
                - 7
                - 238
                - 87
                - 145
                - 92
                - 34
                - 110
                - 74
                - 164
                - 136
                - 138
                - 167
                - 248
                - 1
                - 168
                - 242
                - 0
                - 77
                - 71
                - 104
            type: appl
