"Signed transaction with txID: R37ZGGFJ355A2F6ZTKNXZE4CVCFNAQGPL37HJ2DTHO7X4HAHKHDA\nCreated new app-id: 16":
    application-index: 16
    confirmed-round: 96
    global-state-delta:
        - key: Y29udGVudA==
          value:
              action: 1
              bytes: Y29udGVudG1jb2NlbA==
        - key: Y3JlYXRvcg==
          value:
              action: 1
              bytes: tbDb7mqGKkiSsrehB+5XkVwibkqkiIqn+AGo8gBNR2g=
    pool-error: ""
    txn:
        sig:
            - 30
            - 107
            - 134
            - 130
            - 41
            - 57
            - 58
            - 25
            - 43
            - 70
            - 217
            - 85
            - 135
            - 5
            - 159
            - 177
            - 33
            - 22
            - 130
            - 12
            - 31
            - 233
            - 121
            - 145
            - 142
            - 242
            - 254
            - 106
            - 58
            - 212
            - 61
            - 204
            - 127
            - 46
            - 234
            - 207
            - 92
            - 16
            - 211
            - 153
            - 128
            - 142
            - 36
            - 59
            - 136
            - 246
            - 56
            - 248
            - 57
            - 222
            - 112
            - 143
            - 188
            - 93
            - 248
            - 255
            - 52
            - 132
            - 44
            - 196
            - 46
            - 223
            - 9
            - 3
        txn:
            apaa:
                - - 99
                  - 111
                  - 110
                  - 116
                  - 101
                  - 110
                  - 116
                  - 109
                  - 99
                  - 111
                  - 99
                  - 101
                  - 108
            apap:
                - 2
                - 32
                - 5
                - 0
                - 4
                - 5
                - 2
                - 1
                - 38
                - 5
                - 20
                - 115
                - 101
                - 116
                - 95
                - 105
                - 110
                - 99
                - 111
                - 109
                - 101
                - 95
                - 98
                - 101
                - 110
                - 101
                - 102
                - 95
                - 110
                - 117
                - 109
                - 16
                - 115
                - 101
                - 116
                - 95
                - 105
                - 110
                - 99
                - 111
                - 109
                - 101
                - 95
                - 98
                - 101
                - 110
                - 101
                - 102
                - 17
                - 98
                - 101
                - 110
                - 101
                - 102
                - 105
                - 99
                - 105
                - 97
                - 114
                - 105
                - 101
                - 115
                - 95
                - 110
                - 117
                - 109
                - 7
                - 99
                - 114
                - 101
                - 97
                - 116
                - 111
                - 114
                - 7
                - 99
                - 111
                - 110
                - 116
                - 101
                - 110
                - 116
                - 49
                - 24
                - 34
                - 18
                - 64
                - 0
                - 83
                - 49
                - 25
                - 35
                - 18
                - 64
                - 0
                - 74
                - 49
                - 25
                - 36
                - 18
                - 64
                - 0
                - 61
                - 49
                - 25
                - 37
                - 18
                - 64
                - 0
                - 51
                - 49
                - 25
                - 33
                - 4
                - 18
                - 64
                - 0
                - 40
                - 54
                - 26
                - 0
                - 40
                - 18
                - 64
                - 0
                - 21
                - 54
                - 26
                - 0
                - 41
                - 18
                - 64
                - 0
                - 1
                - 0
                - 33
                - 4
                - 54
                - 26
                - 1
                - 54
                - 28
                - 2
                - 102
                - 33
                - 4
                - 67
                - 33
                - 4
                - 42
                - 54
                - 26
                - 1
                - 23
                - 102
                - 33
                - 4
                - 67
                - 33
                - 4
                - 67
                - 33
                - 4
                - 67
                - 49
                - 0
                - 43
                - 100
                - 18
                - 67
                - 34
                - 67
                - 43
                - 49
                - 0
                - 103
                - 49
                - 27
                - 33
                - 4
                - 18
                - 64
                - 0
                - 1
                - 0
                - 39
                - 4
                - 54
                - 26
                - 0
                - 103
                - 33
                - 4
                - 67
            apgs:
                nbs: 63
                nui: 1
            apls:
                nui: 16
            apsu:
                - 2
                - 32
                - 1
                - 1
                - 34
                - 67
            fee: 455000
            fv: 94
            gen: private-v1
            gh:
                - 231
                - 200
                - 14
                - 153
                - 102
                - 169
                - 59
                - 50
                - 169
                - 42
                - 104
                - 19
                - 20
                - 242
                - 254
                - 78
                - 242
                - 249
                - 246
                - 100
                - 1
                - 136
                - 133
                - 108
                - 216
                - 184
                - 208
                - 91
                - 56
                - 10
                - 33
                - 129
            lv: 1094
            snd:
                - 181
                - 176
                - 219
                - 238
                - 106
                - 134
                - 42
                - 72
                - 146
                - 178
                - 183
                - 161
                - 7
                - 238
                - 87
                - 145
                - 92
                - 34
                - 110
                - 74
                - 164
                - 136
                - 138
                - 167
                - 248
                - 1
                - 168
                - 242
                - 0
                - 77
                - 71
                - 104
            type: appl
