"Signed transaction with txID: H7RZGGVXWYAULV7FQTGB275YS564EBYN6OW2N5TDTVD5BP4JTLXA\nCreated new app-id: 78":
    application-index: 78
    confirmed-round: 2419
    global-state-delta:
        - key: Y3JlYXRvcg==
          value:
              action: 1
              bytes: tbDb7mqGKkiSsrehB+5XkVwibkqkiIqn+AGo8gBNR2g=
        - key: dG90YWw=
          value:
              action: 2
    pool-error: ""
    txn:
        sig:
            - 129
            - 65
            - 12
            - 208
            - 40
            - 144
            - 94
            - 54
            - 73
            - 178
            - 133
            - 192
            - 247
            - 4
            - 1
            - 197
            - 233
            - 151
            - 197
            - 170
            - 133
            - 50
            - 210
            - 255
            - 195
            - 34
            - 51
            - 168
            - 85
            - 173
            - 124
            - 152
            - 172
            - 206
            - 40
            - 53
            - 155
            - 145
            - 196
            - 102
            - 38
            - 126
            - 177
            - 217
            - 2
            - 117
            - 106
            - 96
            - 176
            - 74
            - 33
            - 127
            - 215
            - 233
            - 19
            - 193
            - 7
            - 47
            - 95
            - 65
            - 149
            - 49
            - 251
            - 3
        txn:
            apap:
                - 2
                - 32
                - 6
                - 0
                - 4
                - 5
                - 2
                - 1
                - 3
                - 38
                - 5
                - 6
                - 99
                - 114
                - 101
                - 97
                - 116
                - 101
                - 8
                - 116
                - 114
                - 97
                - 110
                - 115
                - 102
                - 101
                - 114
                - 7
                - 99
                - 114
                - 101
                - 97
                - 116
                - 111
                - 114
                - 5
                - 116
                - 111
                - 116
                - 97
                - 108
                - 2
                - 95
                - 104
                - 49
                - 24
                - 34
                - 18
                - 64
                - 0
                - 162
                - 49
                - 25
                - 35
                - 18
                - 64
                - 0
                - 153
                - 49
                - 25
                - 36
                - 18
                - 64
                - 0
                - 140
                - 49
                - 25
                - 37
                - 18
                - 64
                - 0
                - 130
                - 49
                - 25
                - 33
                - 4
                - 18
                - 64
                - 0
                - 119
                - 54
                - 26
                - 0
                - 40
                - 18
                - 64
                - 0
                - 49
                - 54
                - 26
                - 0
                - 41
                - 18
                - 64
                - 0
                - 1
                - 0
                - 49
                - 27
                - 37
                - 18
                - 49
                - 32
                - 50
                - 3
                - 18
                - 16
                - 33
                - 4
                - 54
                - 26
                - 1
                - 98
                - 33
                - 4
                - 18
                - 16
                - 64
                - 0
                - 1
                - 0
                - 33
                - 4
                - 54
                - 26
                - 1
                - 104
                - 37
                - 54
                - 26
                - 1
                - 33
                - 4
                - 102
                - 33
                - 4
                - 67
                - 49
                - 27
                - 33
                - 5
                - 18
                - 49
                - 0
                - 42
                - 100
                - 18
                - 16
                - 49
                - 32
                - 50
                - 3
                - 18
                - 16
                - 64
                - 0
                - 1
                - 0
                - 43
                - 43
                - 100
                - 33
                - 4
                - 8
                - 103
                - 43
                - 100
                - 22
                - 39
                - 4
                - 80
                - 53
                - 0
                - 43
                - 100
                - 22
                - 54
                - 26
                - 1
                - 103
                - 52
                - 0
                - 54
                - 26
                - 2
                - 103
                - 34
                - 43
                - 100
                - 22
                - 33
                - 4
                - 102
                - 49
                - 0
                - 42
                - 100
                - 18
                - 67
                - 33
                - 4
                - 67
                - 33
                - 4
                - 67
                - 49
                - 0
                - 42
                - 100
                - 18
                - 67
                - 34
                - 67
                - 42
                - 49
                - 0
                - 103
                - 49
                - 27
                - 34
                - 18
                - 64
                - 0
                - 1
                - 0
                - 43
                - 34
                - 103
                - 33
                - 4
                - 67
            apgs:
                nbs: 63
                nui: 1
            apls:
                nui: 16
            apsu:
                - 2
                - 32
                - 1
                - 1
                - 34
                - 67
            fee: 473000
            fv: 2417
            gen: private-v1
            gh:
                - 221
                - 236
                - 87
                - 219
                - 154
                - 107
                - 23
                - 219
                - 218
                - 131
                - 236
                - 197
                - 195
                - 54
                - 195
                - 152
                - 190
                - 189
                - 209
                - 183
                - 28
                - 123
                - 31
                - 8
                - 248
                - 34
                - 38
                - 249
                - 179
                - 83
                - 70
                - 120
            lv: 3417
            snd:
                - 181
                - 176
                - 219
                - 238
                - 106
                - 134
                - 42
                - 72
                - 146
                - 178
                - 183
                - 161
                - 7
                - 238
                - 87
                - 145
                - 92
                - 34
                - 110
                - 74
                - 164
                - 136
                - 138
                - 167
                - 248
                - 1
                - 168
                - 242
                - 0
                - 77
                - 71
                - 104
            type: appl
