"Signed transaction with txID: MSDRUH3624BDCPXCSTQ2G6SY4DRU4OTEJF3TPCW2KHLKMK5FIDZQ\nCreated new app-id: 34":
    application-index: 34
    confirmed-round: 540
    global-state-delta:
        - key: Y29udGVudA==
          value:
              action: 1
              bytes: Y29udGVudG1jb2NlbA==
        - key: Y3JlYXRvcg==
          value:
              action: 1
              bytes: tbDb7mqGKkiSsrehB+5XkVwibkqkiIqn+AGo8gBNR2g=
    pool-error: ""
    txn:
        sig:
            - 134
            - 126
            - 225
            - 83
            - 48
            - 100
            - 85
            - 15
            - 205
            - 117
            - 77
            - 85
            - 66
            - 159
            - 161
            - 91
            - 170
            - 143
            - 93
            - 75
            - 193
            - 137
            - 220
            - 150
            - 168
            - 41
            - 6
            - 58
            - 212
            - 94
            - 38
            - 49
            - 24
            - 171
            - 237
            - 131
            - 65
            - 159
            - 212
            - 183
            - 202
            - 116
            - 222
            - 15
            - 151
            - 152
            - 225
            - 6
            - 158
            - 153
            - 87
            - 140
            - 16
            - 6
            - 42
            - 248
            - 244
            - 100
            - 36
            - 147
            - 108
            - 165
            - 15
            - 2
        txn:
            apaa:
                - - 99
                  - 111
                  - 110
                  - 116
                  - 101
                  - 110
                  - 116
                  - 109
                  - 99
                  - 111
                  - 99
                  - 101
                  - 108
            apap:
                - 2
                - 32
                - 5
                - 0
                - 4
                - 5
                - 2
                - 1
                - 38
                - 5
                - 20
                - 115
                - 101
                - 116
                - 95
                - 105
                - 110
                - 99
                - 111
                - 109
                - 101
                - 95
                - 98
                - 101
                - 110
                - 101
                - 102
                - 95
                - 110
                - 117
                - 109
                - 16
                - 115
                - 101
                - 116
                - 95
                - 105
                - 110
                - 99
                - 111
                - 109
                - 101
                - 95
                - 98
                - 101
                - 110
                - 101
                - 102
                - 17
                - 98
                - 101
                - 110
                - 101
                - 102
                - 105
                - 99
                - 105
                - 97
                - 114
                - 105
                - 101
                - 115
                - 95
                - 110
                - 117
                - 109
                - 7
                - 99
                - 114
                - 101
                - 97
                - 116
                - 111
                - 114
                - 7
                - 99
                - 111
                - 110
                - 116
                - 101
                - 110
                - 116
                - 49
                - 24
                - 34
                - 18
                - 64
                - 0
                - 127
                - 49
                - 25
                - 35
                - 18
                - 64
                - 0
                - 118
                - 49
                - 25
                - 36
                - 18
                - 64
                - 0
                - 105
                - 49
                - 25
                - 37
                - 18
                - 64
                - 0
                - 95
                - 49
                - 25
                - 33
                - 4
                - 18
                - 64
                - 0
                - 84
                - 54
                - 26
                - 0
                - 40
                - 18
                - 64
                - 0
                - 48
                - 54
                - 26
                - 0
                - 41
                - 18
                - 64
                - 0
                - 1
                - 0
                - 49
                - 27
                - 35
                - 18
                - 64
                - 0
                - 1
                - 0
                - 49
                - 29
                - 33
                - 4
                - 18
                - 64
                - 0
                - 1
                - 0
                - 33
                - 4
                - 54
                - 26
                - 1
                - 54
                - 26
                - 2
                - 102
                - 33
                - 4
                - 54
                - 26
                - 2
                - 54
                - 26
                - 3
                - 23
                - 102
                - 33
                - 4
                - 67
                - 49
                - 27
                - 37
                - 18
                - 64
                - 0
                - 1
                - 0
                - 49
                - 29
                - 33
                - 4
                - 18
                - 64
                - 0
                - 1
                - 0
                - 33
                - 4
                - 42
                - 54
                - 26
                - 1
                - 23
                - 102
                - 33
                - 4
                - 67
                - 33
                - 4
                - 67
                - 33
                - 4
                - 67
                - 49
                - 0
                - 43
                - 100
                - 18
                - 67
                - 34
                - 67
                - 43
                - 49
                - 0
                - 103
                - 49
                - 27
                - 33
                - 4
                - 18
                - 64
                - 0
                - 1
                - 0
                - 39
                - 4
                - 54
                - 26
                - 0
                - 103
                - 33
                - 4
                - 67
            apgs:
                nbs: 63
                nui: 1
            apls:
                nbs: 8
                nui: 8
            apsu:
                - 2
                - 32
                - 1
                - 1
                - 34
                - 67
            fee: 506000
            fv: 538
            gen: private-v1
            gh:
                - 71
                - 135
                - 161
                - 121
                - 145
                - 36
                - 187
                - 21
                - 152
                - 21
                - 32
                - 169
                - 117
                - 136
                - 57
                - 125
                - 158
                - 183
                - 149
                - 4
                - 176
                - 113
                - 227
                - 162
                - 221
                - 101
                - 161
                - 234
                - 51
                - 193
                - 12
                - 6
            lv: 1538
            snd:
                - 181
                - 176
                - 219
                - 238
                - 106
                - 134
                - 42
                - 72
                - 146
                - 178
                - 183
                - 161
                - 7
                - 238
                - 87
                - 145
                - 92
                - 34
                - 110
                - 74
                - 164
                - 136
                - 138
                - 167
                - 248
                - 1
                - 168
                - 242
                - 0
                - 77
                - 71
                - 104
            type: appl
