"Signed transaction with txID: GLTLGYSZI22CZJFIUHJEWPVKR5WPYCTVWM2GW6PVNBS3LHNK2RLQ\nCreated new app-id: 14":
    application-index: 14
    confirmed-round: 2838
    global-state-delta:
        - key: Y3JlYXRvcg==
          value:
              action: 1
              bytes: tbDb7mqGKkiSsrehB+5XkVwibkqkiIqn+AGo8gBNR2g=
        - key: dG90YWw=
          value:
              action: 2
    pool-error: ""
    txn:
        sig:
            - 7
            - 223
            - 111
            - 14
            - 140
            - 24
            - 12
            - 130
            - 203
            - 118
            - 191
            - 213
            - 199
            - 255
            - 66
            - 241
            - 244
            - 8
            - 149
            - 242
            - 156
            - 30
            - 152
            - 214
            - 103
            - 212
            - 245
            - 110
            - 56
            - 104
            - 121
            - 34
            - 14
            - 222
            - 224
            - 99
            - 197
            - 183
            - 96
            - 86
            - 188
            - 184
            - 187
            - 231
            - 195
            - 212
            - 128
            - 195
            - 51
            - 243
            - 10
            - 153
            - 98
            - 80
            - 110
            - 19
            - 183
            - 247
            - 0
            - 26
            - 134
            - 168
            - 29
            - 13
        txn:
            apap:
                - 2
                - 32
                - 6
                - 0
                - 4
                - 5
                - 2
                - 1
                - 3
                - 38
                - 5
                - 6
                - 99
                - 114
                - 101
                - 97
                - 116
                - 101
                - 8
                - 116
                - 114
                - 97
                - 110
                - 115
                - 102
                - 101
                - 114
                - 7
                - 99
                - 114
                - 101
                - 97
                - 116
                - 111
                - 114
                - 5
                - 116
                - 111
                - 116
                - 97
                - 108
                - 2
                - 95
                - 104
                - 49
                - 24
                - 34
                - 18
                - 64
                - 0
                - 162
                - 49
                - 25
                - 35
                - 18
                - 64
                - 0
                - 153
                - 49
                - 25
                - 36
                - 18
                - 64
                - 0
                - 140
                - 49
                - 25
                - 37
                - 18
                - 64
                - 0
                - 130
                - 49
                - 25
                - 33
                - 4
                - 18
                - 64
                - 0
                - 119
                - 54
                - 26
                - 0
                - 40
                - 18
                - 64
                - 0
                - 49
                - 54
                - 26
                - 0
                - 41
                - 18
                - 64
                - 0
                - 1
                - 0
                - 49
                - 27
                - 37
                - 18
                - 49
                - 32
                - 50
                - 3
                - 18
                - 16
                - 33
                - 4
                - 54
                - 26
                - 1
                - 98
                - 33
                - 4
                - 18
                - 16
                - 64
                - 0
                - 1
                - 0
                - 33
                - 4
                - 54
                - 26
                - 1
                - 104
                - 37
                - 54
                - 26
                - 1
                - 33
                - 4
                - 102
                - 33
                - 4
                - 67
                - 49
                - 27
                - 33
                - 5
                - 18
                - 49
                - 0
                - 42
                - 100
                - 18
                - 16
                - 49
                - 32
                - 50
                - 3
                - 18
                - 16
                - 64
                - 0
                - 1
                - 0
                - 43
                - 43
                - 100
                - 33
                - 4
                - 8
                - 103
                - 43
                - 100
                - 22
                - 39
                - 4
                - 80
                - 53
                - 0
                - 43
                - 100
                - 22
                - 54
                - 26
                - 1
                - 103
                - 52
                - 0
                - 54
                - 26
                - 2
                - 103
                - 34
                - 43
                - 100
                - 22
                - 33
                - 4
                - 102
                - 49
                - 0
                - 42
                - 100
                - 18
                - 67
                - 33
                - 4
                - 67
                - 33
                - 4
                - 67
                - 49
                - 0
                - 42
                - 100
                - 18
                - 67
                - 34
                - 67
                - 42
                - 49
                - 0
                - 103
                - 49
                - 27
                - 34
                - 18
                - 64
                - 0
                - 1
                - 0
                - 43
                - 34
                - 103
                - 33
                - 4
                - 67
            apgs:
                nbs: 63
                nui: 1
            apls:
                nui: 16
            apsu:
                - 2
                - 32
                - 1
                - 1
                - 34
                - 67
            fee: 473000
            fv: 2836
            gen: private-v1
            gh:
                - 19
                - 119
                - 62
                - 48
                - 140
                - 17
                - 220
                - 103
                - 138
                - 123
                - 219
                - 134
                - 239
                - 100
                - 157
                - 122
                - 219
                - 195
                - 190
                - 50
                - 87
                - 115
                - 106
                - 110
                - 210
                - 37
                - 249
                - 11
                - 131
                - 121
                - 135
                - 95
            lv: 3836
            snd:
                - 181
                - 176
                - 219
                - 238
                - 106
                - 134
                - 42
                - 72
                - 146
                - 178
                - 183
                - 161
                - 7
                - 238
                - 87
                - 145
                - 92
                - 34
                - 110
                - 74
                - 164
                - 136
                - 138
                - 167
                - 248
                - 1
                - 168
                - 242
                - 0
                - 77
                - 71
                - 104
            type: appl
