"Signed transaction with txID: O4T55ZYVIU6ZT6GVRHNRBD7ALZXQ7NB7IEFWSNU4NWF524FZW6IQ\nCreated new app-id: 7":
    application-index: 7
    confirmed-round: 182
    global-state-delta:
        - key: Y3JlYXRvcg==
          value:
              action: 1
              bytes: tbDb7mqGKkiSsrehB+5XkVwibkqkiIqn+AGo8gBNR2g=
        - key: dG90YWw=
          value:
              action: 1
              bytes: Y29udGVudG1jb2NlbA==
    pool-error: ""
    txn:
        sig:
            - 227
            - 246
            - 12
            - 85
            - 196
            - 167
            - 188
            - 232
            - 49
            - 74
            - 54
            - 128
            - 198
            - 227
            - 172
            - 228
            - 109
            - 9
            - 106
            - 179
            - 223
            - 221
            - 150
            - 37
            - 84
            - 109
            - 79
            - 122
            - 111
            - 155
            - 46
            - 248
            - 236
            - 37
            - 30
            - 133
            - 169
            - 241
            - 133
            - 124
            - 80
            - 148
            - 66
            - 230
            - 129
            - 236
            - 10
            - 167
            - 127
            - 133
            - 197
            - 248
            - 241
            - 133
            - 66
            - 19
            - 69
            - 191
            - 122
            - 4
            - 176
            - 207
            - 38
            - 1
        txn:
            apaa:
                - - 99
                  - 111
                  - 110
                  - 116
                  - 101
                  - 110
                  - 116
                  - 109
                  - 99
                  - 111
                  - 99
                  - 101
                  - 108
            apap:
                - 2
                - 32
                - 5
                - 0
                - 4
                - 5
                - 2
                - 1
                - 38
                - 2
                - 7
                - 99
                - 114
                - 101
                - 97
                - 116
                - 111
                - 114
                - 5
                - 116
                - 111
                - 116
                - 97
                - 108
                - 49
                - 24
                - 34
                - 18
                - 64
                - 0
                - 44
                - 49
                - 25
                - 35
                - 18
                - 64
                - 0
                - 35
                - 49
                - 25
                - 36
                - 18
                - 64
                - 0
                - 22
                - 49
                - 25
                - 37
                - 18
                - 64
                - 0
                - 12
                - 49
                - 25
                - 33
                - 4
                - 18
                - 64
                - 0
                - 1
                - 0
                - 33
                - 4
                - 67
                - 33
                - 4
                - 67
                - 49
                - 0
                - 40
                - 100
                - 18
                - 67
                - 34
                - 67
                - 40
                - 49
                - 0
                - 103
                - 41
                - 54
                - 26
                - 0
                - 103
                - 33
                - 4
                - 67
            apgs:
                nbs: 63
                nui: 1
            apls:
                nui: 16
            apsu:
                - 2
                - 32
                - 1
                - 1
                - 34
                - 67
            fee: 349000
            fv: 180
            gen: private-v1
            gh:
                - 19
                - 119
                - 62
                - 48
                - 140
                - 17
                - 220
                - 103
                - 138
                - 123
                - 219
                - 134
                - 239
                - 100
                - 157
                - 122
                - 219
                - 195
                - 190
                - 50
                - 87
                - 115
                - 106
                - 110
                - 210
                - 37
                - 249
                - 11
                - 131
                - 121
                - 135
                - 95
            lv: 1180
            snd:
                - 181
                - 176
                - 219
                - 238
                - 106
                - 134
                - 42
                - 72
                - 146
                - 178
                - 183
                - 161
                - 7
                - 238
                - 87
                - 145
                - 92
                - 34
                - 110
                - 74
                - 164
                - 136
                - 138
                - 167
                - 248
                - 1
                - 168
                - 242
                - 0
                - 77
                - 71
                - 104
            type: appl
