"Signed transaction with txID: F33C7APU74QP6RFTYVQCRQMVUMOLKZ4VAPZ6ILDIIKHFOVM7ZQSA\nCreated new app-id: 10":
    application-index: 10
    confirmed-round: 2830
    global-state-delta:
        - key: Y29udGVudA==
          value:
              action: 1
              bytes: Y29udGVudG1jb2NlbA==
        - key: Y3JlYXRvcg==
          value:
              action: 1
              bytes: tbDb7mqGKkiSsrehB+5XkVwibkqkiIqn+AGo8gBNR2g=
    pool-error: ""
    sender-rewards: 131973864
    txn:
        sig:
            - 108
            - 101
            - 23
            - 69
            - 71
            - 191
            - 85
            - 76
            - 9
            - 85
            - 98
            - 154
            - 87
            - 6
            - 154
            - 196
            - 44
            - 79
            - 112
            - 98
            - 70
            - 211
            - 20
            - 244
            - 235
            - 218
            - 17
            - 224
            - 117
            - 193
            - 107
            - 147
            - 116
            - 65
            - 222
            - 112
            - 70
            - 64
            - 33
            - 40
            - 156
            - 65
            - 220
            - 90
            - 110
            - 152
            - 161
            - 230
            - 72
            - 37
            - 36
            - 179
            - 120
            - 31
            - 48
            - 117
            - 86
            - 213
            - 4
            - 196
            - 193
            - 32
            - 101
            - 8
        txn:
            apaa:
                - - 99
                  - 111
                  - 110
                  - 116
                  - 101
                  - 110
                  - 116
                  - 109
                  - 99
                  - 111
                  - 99
                  - 101
                  - 108
            apap:
                - 2
                - 32
                - 5
                - 0
                - 4
                - 5
                - 2
                - 1
                - 38
                - 3
                - 11
                - 115
                - 101
                - 116
                - 95
                - 105
                - 110
                - 99
                - 111
                - 109
                - 101
                - 115
                - 7
                - 99
                - 114
                - 101
                - 97
                - 116
                - 111
                - 114
                - 7
                - 99
                - 111
                - 110
                - 116
                - 101
                - 110
                - 116
                - 49
                - 24
                - 34
                - 18
                - 64
                - 0
                - 63
                - 49
                - 25
                - 35
                - 18
                - 64
                - 0
                - 54
                - 49
                - 25
                - 36
                - 18
                - 64
                - 0
                - 41
                - 49
                - 25
                - 37
                - 18
                - 64
                - 0
                - 31
                - 49
                - 25
                - 33
                - 4
                - 18
                - 64
                - 0
                - 20
                - 54
                - 26
                - 0
                - 40
                - 18
                - 64
                - 0
                - 1
                - 0
                - 49
                - 29
                - 37
                - 18
                - 64
                - 0
                - 1
                - 0
                - 33
                - 4
                - 67
                - 33
                - 4
                - 67
                - 33
                - 4
                - 67
                - 49
                - 0
                - 41
                - 100
                - 18
                - 67
                - 34
                - 67
                - 41
                - 49
                - 0
                - 103
                - 42
                - 54
                - 26
                - 0
                - 103
                - 49
                - 27
                - 34
                - 13
                - 64
                - 0
                - 1
                - 0
                - 33
                - 4
                - 53
                - 0
                - 33
                - 4
                - 67
            apgs:
                nbs: 63
                nui: 1
            apls:
                nui: 16
            apsu:
                - 2
                - 32
                - 1
                - 1
                - 34
                - 67
            fee: 395000
            fv: 2827
            gen: private-v1
            gh:
                - 19
                - 119
                - 62
                - 48
                - 140
                - 17
                - 220
                - 103
                - 138
                - 123
                - 219
                - 134
                - 239
                - 100
                - 157
                - 122
                - 219
                - 195
                - 190
                - 50
                - 87
                - 115
                - 106
                - 110
                - 210
                - 37
                - 249
                - 11
                - 131
                - 121
                - 135
                - 95
            lv: 3827
            snd:
                - 181
                - 176
                - 219
                - 238
                - 106
                - 134
                - 42
                - 72
                - 146
                - 178
                - 183
                - 161
                - 7
                - 238
                - 87
                - 145
                - 92
                - 34
                - 110
                - 74
                - 164
                - 136
                - 138
                - 167
                - 248
                - 1
                - 168
                - 242
                - 0
                - 77
                - 71
                - 104
            type: appl
