"Signed transaction with txID: CPJ7Y747MUZSP2FJZQP4ZSHI4PBK7D3ARYRKLY3CTDXVF6RHNDTQ\nCreated new app-id: 6":
    application-index: 6
    confirmed-round: 8
    global-state-delta:
        - key: Y29udGVudA==
          value:
              action: 1
              bytes: Y29udGVudG1jb2NlbA==
        - key: Y3JlYXRvcg==
          value:
              action: 1
              bytes: tbDb7mqGKkiSsrehB+5XkVwibkqkiIqn+AGo8gBNR2g=
    pool-error: ""
    txn:
        sig:
            - 116
            - 74
            - 116
            - 95
            - 81
            - 92
            - 211
            - 157
            - 59
            - 193
            - 231
            - 100
            - 113
            - 155
            - 179
            - 75
            - 242
            - 15
            - 151
            - 136
            - 82
            - 22
            - 197
            - 243
            - 178
            - 50
            - 143
            - 32
            - 230
            - 113
            - 122
            - 48
            - 166
            - 8
            - 153
            - 190
            - 171
            - 56
            - 46
            - 76
            - 8
            - 50
            - 56
            - 167
            - 200
            - 35
            - 60
            - 167
            - 239
            - 38
            - 204
            - 3
            - 51
            - 66
            - 129
            - 3
            - 108
            - 184
            - 118
            - 3
            - 33
            - 43
            - 179
            - 9
        txn:
            apaa:
                - - 99
                  - 111
                  - 110
                  - 116
                  - 101
                  - 110
                  - 116
                  - 109
                  - 99
                  - 111
                  - 99
                  - 101
                  - 108
            apap:
                - 2
                - 32
                - 5
                - 0
                - 4
                - 5
                - 2
                - 1
                - 38
                - 6
                - 20
                - 115
                - 101
                - 116
                - 95
                - 105
                - 110
                - 99
                - 111
                - 109
                - 101
                - 95
                - 98
                - 101
                - 110
                - 101
                - 102
                - 95
                - 110
                - 117
                - 109
                - 16
                - 115
                - 101
                - 116
                - 95
                - 105
                - 110
                - 99
                - 111
                - 109
                - 101
                - 95
                - 98
                - 101
                - 110
                - 101
                - 102
                - 6
                - 112
                - 97
                - 121
                - 95
                - 116
                - 111
                - 17
                - 98
                - 101
                - 110
                - 101
                - 102
                - 105
                - 99
                - 105
                - 97
                - 114
                - 105
                - 101
                - 115
                - 95
                - 110
                - 117
                - 109
                - 7
                - 99
                - 114
                - 101
                - 97
                - 116
                - 111
                - 114
                - 7
                - 99
                - 111
                - 110
                - 116
                - 101
                - 110
                - 116
                - 49
                - 24
                - 34
                - 18
                - 64
                - 0
                - 141
                - 49
                - 25
                - 35
                - 18
                - 64
                - 0
                - 132
                - 49
                - 25
                - 36
                - 18
                - 64
                - 0
                - 118
                - 49
                - 25
                - 37
                - 18
                - 64
                - 0
                - 108
                - 49
                - 25
                - 33
                - 4
                - 18
                - 64
                - 0
                - 97
                - 54
                - 26
                - 0
                - 40
                - 18
                - 64
                - 0
                - 61
                - 54
                - 26
                - 0
                - 41
                - 18
                - 64
                - 0
                - 23
                - 54
                - 26
                - 0
                - 42
                - 18
                - 64
                - 0
                - 1
                - 0
                - 33
                - 4
                - 43
                - 98
                - 33
                - 4
                - 18
                - 64
                - 0
                - 1
                - 0
                - 33
                - 4
                - 67
                - 49
                - 27
                - 35
                - 18
                - 64
                - 0
                - 1
                - 0
                - 33
                - 4
                - 54
                - 26
                - 1
                - 54
                - 26
                - 2
                - 102
                - 33
                - 4
                - 54
                - 26
                - 2
                - 54
                - 26
                - 3
                - 23
                - 102
                - 33
                - 4
                - 67
                - 49
                - 27
                - 37
                - 18
                - 64
                - 0
                - 1
                - 0
                - 49
                - 29
                - 33
                - 4
                - 18
                - 64
                - 0
                - 1
                - 0
                - 33
                - 4
                - 43
                - 54
                - 26
                - 1
                - 23
                - 102
                - 33
                - 4
                - 67
                - 33
                - 4
                - 67
                - 33
                - 4
                - 67
                - 49
                - 0
                - 39
                - 4
                - 100
                - 18
                - 67
                - 34
                - 67
                - 39
                - 4
                - 49
                - 0
                - 103
                - 49
                - 27
                - 33
                - 4
                - 18
                - 64
                - 0
                - 1
                - 0
                - 39
                - 5
                - 54
                - 26
                - 0
                - 103
                - 33
                - 4
                - 67
            apgs:
                nbs: 63
                nui: 1
            apls:
                nbs: 8
                nui: 8
            apsu:
                - 2
                - 32
                - 1
                - 1
                - 34
                - 67
            fee: 527000
            fv: 6
            gen: private-v1
            gh:
                - 221
                - 236
                - 87
                - 219
                - 154
                - 107
                - 23
                - 219
                - 218
                - 131
                - 236
                - 197
                - 195
                - 54
                - 195
                - 152
                - 190
                - 189
                - 209
                - 183
                - 28
                - 123
                - 31
                - 8
                - 248
                - 34
                - 38
                - 249
                - 179
                - 83
                - 70
                - 120
            lv: 1006
            snd:
                - 181
                - 176
                - 219
                - 238
                - 106
                - 134
                - 42
                - 72
                - 146
                - 178
                - 183
                - 161
                - 7
                - 238
                - 87
                - 145
                - 92
                - 34
                - 110
                - 74
                - 164
                - 136
                - 138
                - 167
                - 248
                - 1
                - 168
                - 242
                - 0
                - 77
                - 71
                - 104
            type: appl
