"Signed transaction with txID: KTDHGDL4MS2AGLQZIINDQ2CL34K6AO47DBHKJQMCEDMQ4A2OB7OA\nCreated new app-id: 3":
    application-index: 3
    confirmed-round: 204
    global-state-delta:
        - key: Y29udGVudA==
          value:
              action: 1
              bytes: Y29udGVudG1jb2NlbA==
        - key: Y3JlYXRvcg==
          value:
              action: 1
              bytes: tbDb7mqGKkiSsrehB+5XkVwibkqkiIqn+AGo8gBNR2g=
    pool-error: ""
    txn:
        sig:
            - 79
            - 66
            - 11
            - 89
            - 199
            - 223
            - 32
            - 220
            - 76
            - 230
            - 42
            - 72
            - 229
            - 26
            - 135
            - 254
            - 92
            - 92
            - 253
            - 243
            - 7
            - 91
            - 227
            - 1
            - 251
            - 5
            - 7
            - 204
            - 158
            - 101
            - 198
            - 94
            - 83
            - 207
            - 73
            - 226
            - 200
            - 239
            - 155
            - 128
            - 104
            - 127
            - 171
            - 236
            - 82
            - 254
            - 101
            - 79
            - 245
            - 80
            - 50
            - 204
            - 132
            - 15
            - 148
            - 76
            - 152
            - 47
            - 55
            - 161
            - 78
            - 247
            - 141
            - 0
        txn:
            apaa:
                - - 99
                  - 111
                  - 110
                  - 116
                  - 101
                  - 110
                  - 116
                  - 109
                  - 99
                  - 111
                  - 99
                  - 101
                  - 108
            apap:
                - 2
                - 32
                - 5
                - 0
                - 4
                - 5
                - 2
                - 1
                - 38
                - 5
                - 20
                - 115
                - 101
                - 116
                - 95
                - 105
                - 110
                - 99
                - 111
                - 109
                - 101
                - 95
                - 98
                - 101
                - 110
                - 101
                - 102
                - 95
                - 110
                - 117
                - 109
                - 16
                - 115
                - 101
                - 116
                - 95
                - 105
                - 110
                - 99
                - 111
                - 109
                - 101
                - 95
                - 98
                - 101
                - 110
                - 101
                - 102
                - 17
                - 98
                - 101
                - 110
                - 101
                - 102
                - 105
                - 99
                - 105
                - 97
                - 114
                - 105
                - 101
                - 115
                - 95
                - 110
                - 117
                - 109
                - 7
                - 99
                - 114
                - 101
                - 97
                - 116
                - 111
                - 114
                - 7
                - 99
                - 111
                - 110
                - 116
                - 101
                - 110
                - 116
                - 49
                - 24
                - 34
                - 18
                - 64
                - 0
                - 127
                - 49
                - 25
                - 35
                - 18
                - 64
                - 0
                - 118
                - 49
                - 25
                - 36
                - 18
                - 64
                - 0
                - 105
                - 49
                - 25
                - 37
                - 18
                - 64
                - 0
                - 95
                - 49
                - 25
                - 33
                - 4
                - 18
                - 64
                - 0
                - 84
                - 54
                - 26
                - 0
                - 40
                - 18
                - 64
                - 0
                - 48
                - 54
                - 26
                - 0
                - 41
                - 18
                - 64
                - 0
                - 1
                - 0
                - 49
                - 27
                - 35
                - 18
                - 64
                - 0
                - 1
                - 0
                - 49
                - 29
                - 33
                - 4
                - 18
                - 64
                - 0
                - 1
                - 0
                - 33
                - 4
                - 54
                - 26
                - 1
                - 54
                - 26
                - 2
                - 102
                - 33
                - 4
                - 54
                - 26
                - 2
                - 54
                - 26
                - 3
                - 23
                - 102
                - 33
                - 4
                - 67
                - 49
                - 27
                - 37
                - 18
                - 64
                - 0
                - 1
                - 0
                - 49
                - 29
                - 33
                - 4
                - 18
                - 64
                - 0
                - 1
                - 0
                - 33
                - 4
                - 42
                - 54
                - 26
                - 1
                - 23
                - 102
                - 33
                - 4
                - 67
                - 33
                - 4
                - 67
                - 33
                - 4
                - 67
                - 49
                - 0
                - 43
                - 100
                - 18
                - 67
                - 34
                - 67
                - 43
                - 49
                - 0
                - 103
                - 49
                - 27
                - 33
                - 4
                - 18
                - 64
                - 0
                - 1
                - 0
                - 39
                - 4
                - 54
                - 26
                - 0
                - 103
                - 33
                - 4
                - 67
            apgs:
                nbs: 63
                nui: 1
            apls:
                nui: 16
            apsu:
                - 2
                - 32
                - 1
                - 1
                - 34
                - 67
            fee: 500000
            fv: 202
            gen: private-v1
            gh:
                - 71
                - 135
                - 161
                - 121
                - 145
                - 36
                - 187
                - 21
                - 152
                - 21
                - 32
                - 169
                - 117
                - 136
                - 57
                - 125
                - 158
                - 183
                - 149
                - 4
                - 176
                - 113
                - 227
                - 162
                - 221
                - 101
                - 161
                - 234
                - 51
                - 193
                - 12
                - 6
            lv: 1202
            snd:
                - 181
                - 176
                - 219
                - 238
                - 106
                - 134
                - 42
                - 72
                - 146
                - 178
                - 183
                - 161
                - 7
                - 238
                - 87
                - 145
                - 92
                - 34
                - 110
                - 74
                - 164
                - 136
                - 138
                - 167
                - 248
                - 1
                - 168
                - 242
                - 0
                - 77
                - 71
                - 104
            type: appl
