"Signed transaction with txID: FHJ3FCLZRELBE4HCADDU3E6VKQVUZD67LLNQBLGBUNI4CEXXN3EQ\nCreated new app-id: 68":
    application-index: 68
    confirmed-round: 2405
    global-state-delta:
        - key: dG90TkZU
          value:
              action: 1
              bytes: AAAAAAAAAAE=
        - key: Y29uY2F0ZW5hdGVkTkZUc0lE
          value:
              action: 1
              bytes: MXwyfDN8Njd8NQ==
        - key: Y29udGVudEhhc2g=
          value:
              action: 1
              bytes: Y29udGVudF9oYXNo
        - key: Y29udGVudFVyaQ==
          value:
              action: 1
              bytes: Y29udGVudA==
        - key: Y3JlYXRvcg==
          value:
              action: 1
              bytes: tbDb7mqGKkiSsrehB+5XkVwibkqkiIqn+AGo8gBNR2g=
    pool-error: ""
    txn:
        sig:
            - 210
            - 90
            - 227
            - 185
            - 253
            - 181
            - 57
            - 47
            - 146
            - 228
            - 39
            - 129
            - 86
            - 118
            - 193
            - 42
            - 35
            - 250
            - 242
            - 79
            - 243
            - 119
            - 168
            - 99
            - 29
            - 53
            - 46
            - 193
            - 58
            - 8
            - 15
            - 136
            - 24
            - 161
            - 68
            - 14
            - 70
            - 147
            - 134
            - 160
            - 93
            - 141
            - 30
            - 167
            - 63
            - 33
            - 156
            - 253
            - 137
            - 67
            - 11
            - 118
            - 205
            - 183
            - 194
            - 86
            - 10
            - 194
            - 12
            - 236
            - 126
            - 206
            - 155
            - 8
        txn:
            apaa:
                - - 99
                  - 111
                  - 110
                  - 116
                  - 101
                  - 110
                  - 116
                - - 99
                  - 111
                  - 110
                  - 116
                  - 101
                  - 110
                  - 116
                  - 95
                  - 104
                  - 97
                  - 115
                  - 104
                - - 0
                  - 0
                  - 0
                  - 0
                  - 0
                  - 0
                  - 0
                  - 1
                - - 49
                  - 124
                  - 50
                  - 124
                  - 51
                  - 124
                  - 54
                  - 55
                  - 124
                  - 53
            apap:
                - 2
                - 32
                - 5
                - 0
                - 4
                - 5
                - 2
                - 1
                - 38
                - 8
                - 20
                - 115
                - 101
                - 116
                - 95
                - 105
                - 110
                - 99
                - 111
                - 109
                - 101
                - 95
                - 98
                - 101
                - 110
                - 101
                - 102
                - 95
                - 110
                - 117
                - 109
                - 16
                - 115
                - 101
                - 116
                - 95
                - 105
                - 110
                - 99
                - 111
                - 109
                - 101
                - 95
                - 98
                - 101
                - 110
                - 101
                - 102
                - 17
                - 98
                - 101
                - 110
                - 101
                - 102
                - 105
                - 99
                - 105
                - 97
                - 114
                - 105
                - 101
                - 115
                - 95
                - 110
                - 117
                - 109
                - 7
                - 99
                - 114
                - 101
                - 97
                - 116
                - 111
                - 114
                - 10
                - 99
                - 111
                - 110
                - 116
                - 101
                - 110
                - 116
                - 85
                - 114
                - 105
                - 11
                - 99
                - 111
                - 110
                - 116
                - 101
                - 110
                - 116
                - 72
                - 97
                - 115
                - 104
                - 6
                - 116
                - 111
                - 116
                - 78
                - 70
                - 84
                - 18
                - 99
                - 111
                - 110
                - 99
                - 97
                - 116
                - 101
                - 110
                - 97
                - 116
                - 101
                - 100
                - 78
                - 70
                - 84
                - 115
                - 73
                - 68
                - 49
                - 24
                - 34
                - 18
                - 64
                - 0
                - 118
                - 49
                - 25
                - 35
                - 18
                - 64
                - 0
                - 109
                - 49
                - 25
                - 36
                - 18
                - 64
                - 0
                - 96
                - 49
                - 25
                - 37
                - 18
                - 64
                - 0
                - 86
                - 49
                - 25
                - 33
                - 4
                - 18
                - 64
                - 0
                - 75
                - 54
                - 26
                - 0
                - 40
                - 18
                - 64
                - 0
                - 39
                - 54
                - 26
                - 0
                - 41
                - 18
                - 64
                - 0
                - 1
                - 0
                - 49
                - 27
                - 35
                - 18
                - 64
                - 0
                - 1
                - 0
                - 33
                - 4
                - 54
                - 26
                - 1
                - 54
                - 26
                - 2
                - 102
                - 33
                - 4
                - 54
                - 26
                - 2
                - 54
                - 26
                - 3
                - 23
                - 102
                - 33
                - 4
                - 67
                - 49
                - 27
                - 37
                - 18
                - 64
                - 0
                - 1
                - 0
                - 49
                - 29
                - 33
                - 4
                - 18
                - 64
                - 0
                - 1
                - 0
                - 33
                - 4
                - 42
                - 54
                - 26
                - 1
                - 23
                - 102
                - 33
                - 4
                - 67
                - 33
                - 4
                - 67
                - 33
                - 4
                - 67
                - 49
                - 0
                - 43
                - 100
                - 18
                - 67
                - 34
                - 67
                - 49
                - 27
                - 35
                - 18
                - 64
                - 0
                - 1
                - 0
                - 43
                - 49
                - 0
                - 103
                - 39
                - 4
                - 54
                - 26
                - 0
                - 103
                - 39
                - 5
                - 54
                - 26
                - 1
                - 103
                - 39
                - 6
                - 54
                - 26
                - 2
                - 103
                - 39
                - 7
                - 54
                - 26
                - 3
                - 103
                - 33
                - 4
                - 67
            apgs:
                nbs: 61
                nui: 3
            apls:
                nbs: 8
                nui: 8
            apsu:
                - 2
                - 32
                - 1
                - 1
                - 34
                - 67
            fee: 586000
            fv: 2403
            gen: private-v1
            gh:
                - 221
                - 236
                - 87
                - 219
                - 154
                - 107
                - 23
                - 219
                - 218
                - 131
                - 236
                - 197
                - 195
                - 54
                - 195
                - 152
                - 190
                - 189
                - 209
                - 183
                - 28
                - 123
                - 31
                - 8
                - 248
                - 34
                - 38
                - 249
                - 179
                - 83
                - 70
                - 120
            lv: 3403
            snd:
                - 181
                - 176
                - 219
                - 238
                - 106
                - 134
                - 42
                - 72
                - 146
                - 178
                - 183
                - 161
                - 7
                - 238
                - 87
                - 145
                - 92
                - 34
                - 110
                - 74
                - 164
                - 136
                - 138
                - 167
                - 248
                - 1
                - 168
                - 242
                - 0
                - 77
                - 71
                - 104
            type: appl
