"Signed transaction with txID: K5U3L3W27WGHUDRUYAFS23LMJRL6IBHOR4MDEPGEHQGMOICQUYVQ\nCreated new app-id: 24":
    application-index: 24
    confirmed-round: 3784
    global-state-delta:
        - key: Y3JlYXRvcg==
          value:
              action: 1
              bytes: tbDb7mqGKkiSsrehB+5XkVwibkqkiIqn+AGo8gBNR2g=
        - key: Y29udGVudA==
          value:
              action: 1
              bytes: Y29udGVudG1jb2NlbA==
    pool-error: ""
    sender-rewards: 43985392
    txn:
        sig:
            - 141
            - 187
            - 248
            - 107
            - 43
            - 191
            - 0
            - 170
            - 250
            - 182
            - 134
            - 185
            - 68
            - 239
            - 0
            - 111
            - 207
            - 156
            - 19
            - 247
            - 157
            - 101
            - 96
            - 253
            - 229
            - 119
            - 84
            - 37
            - 112
            - 158
            - 49
            - 165
            - 156
            - 47
            - 212
            - 201
            - 177
            - 178
            - 194
            - 250
            - 35
            - 130
            - 98
            - 21
            - 69
            - 247
            - 27
            - 103
            - 28
            - 214
            - 5
            - 204
            - 161
            - 146
            - 247
            - 84
            - 32
            - 204
            - 47
            - 48
            - 41
            - 60
            - 97
            - 6
        txn:
            apaa:
                - - 99
                  - 111
                  - 110
                  - 116
                  - 101
                  - 110
                  - 116
                  - 109
                  - 99
                  - 111
                  - 99
                  - 101
                  - 108
            apap:
                - 2
                - 32
                - 6
                - 0
                - 4
                - 5
                - 2
                - 1
                - 3
                - 38
                - 5
                - 20
                - 115
                - 101
                - 116
                - 95
                - 105
                - 110
                - 99
                - 111
                - 109
                - 101
                - 95
                - 98
                - 101
                - 110
                - 101
                - 102
                - 95
                - 110
                - 117
                - 109
                - 16
                - 115
                - 101
                - 116
                - 95
                - 105
                - 110
                - 99
                - 111
                - 109
                - 101
                - 95
                - 98
                - 101
                - 110
                - 101
                - 102
                - 17
                - 98
                - 101
                - 110
                - 101
                - 102
                - 105
                - 99
                - 105
                - 97
                - 114
                - 105
                - 101
                - 115
                - 95
                - 110
                - 117
                - 109
                - 7
                - 99
                - 114
                - 101
                - 97
                - 116
                - 111
                - 114
                - 7
                - 99
                - 111
                - 110
                - 116
                - 101
                - 110
                - 116
                - 49
                - 24
                - 34
                - 18
                - 64
                - 0
                - 122
                - 49
                - 25
                - 35
                - 18
                - 64
                - 0
                - 113
                - 49
                - 25
                - 36
                - 18
                - 64
                - 0
                - 100
                - 49
                - 25
                - 37
                - 18
                - 64
                - 0
                - 90
                - 49
                - 25
                - 33
                - 4
                - 18
                - 64
                - 0
                - 79
                - 54
                - 26
                - 0
                - 40
                - 18
                - 64
                - 0
                - 50
                - 54
                - 26
                - 0
                - 41
                - 18
                - 64
                - 0
                - 1
                - 0
                - 49
                - 27
                - 33
                - 5
                - 18
                - 64
                - 0
                - 1
                - 0
                - 49
                - 29
                - 37
                - 18
                - 64
                - 0
                - 1
                - 0
                - 54
                - 28
                - 1
                - 54
                - 26
                - 1
                - 54
                - 28
                - 2
                - 102
                - 54
                - 28
                - 1
                - 54
                - 28
                - 2
                - 54
                - 26
                - 2
                - 23
                - 102
                - 33
                - 4
                - 67
                - 49
                - 29
                - 33
                - 4
                - 18
                - 64
                - 0
                - 1
                - 0
                - 54
                - 28
                - 1
                - 42
                - 54
                - 26
                - 1
                - 23
                - 102
                - 33
                - 4
                - 67
                - 33
                - 4
                - 67
                - 33
                - 4
                - 67
                - 49
                - 0
                - 43
                - 100
                - 18
                - 67
                - 34
                - 67
                - 43
                - 49
                - 0
                - 103
                - 49
                - 27
                - 33
                - 4
                - 18
                - 64
                - 0
                - 1
                - 0
                - 39
                - 4
                - 54
                - 26
                - 0
                - 103
                - 33
                - 4
                - 67
            apgs:
                nbs: 63
                nui: 1
            apls:
                nui: 16
            apsu:
                - 2
                - 32
                - 1
                - 1
                - 34
                - 67
            fee: 497000
            fv: 3782
            gen: private-v1
            gh:
                - 19
                - 119
                - 62
                - 48
                - 140
                - 17
                - 220
                - 103
                - 138
                - 123
                - 219
                - 134
                - 239
                - 100
                - 157
                - 122
                - 219
                - 195
                - 190
                - 50
                - 87
                - 115
                - 106
                - 110
                - 210
                - 37
                - 249
                - 11
                - 131
                - 121
                - 135
                - 95
            lv: 4782
            snd:
                - 181
                - 176
                - 219
                - 238
                - 106
                - 134
                - 42
                - 72
                - 146
                - 178
                - 183
                - 161
                - 7
                - 238
                - 87
                - 145
                - 92
                - 34
                - 110
                - 74
                - 164
                - 136
                - 138
                - 167
                - 248
                - 1
                - 168
                - 242
                - 0
                - 77
                - 71
                - 104
            type: appl
