"Signed transaction with txID: HZEWA3V2FQX5DMEDUUUGIHKI7TCXDONBZ2GADSGMVU7GI7AOQK7A\nCreated new app-id: 6":
    application-index: 6
    confirmed-round: 175
    global-state-delta:
        - key: Y3JlYXRvcg==
          value:
              action: 1
              bytes: tbDb7mqGKkiSsrehB+5XkVwibkqkiIqn+AGo8gBNR2g=
        - key: dG90YWw=
          value:
              action: 1
              bytes: Y29udGVudG1jb2NlbA==
    pool-error: ""
    sender-rewards: 7998392
    txn:
        sig:
            - 10
            - 111
            - 68
            - 84
            - 242
            - 174
            - 126
            - 199
            - 83
            - 67
            - 18
            - 253
            - 137
            - 124
            - 127
            - 8
            - 73
            - 165
            - 237
            - 147
            - 146
            - 160
            - 241
            - 34
            - 158
            - 4
            - 154
            - 4
            - 100
            - 102
            - 158
            - 4
            - 214
            - 61
            - 95
            - 222
            - 155
            - 97
            - 248
            - 170
            - 158
            - 96
            - 23
            - 224
            - 188
            - 170
            - 185
            - 30
            - 174
            - 130
            - 7
            - 69
            - 39
            - 61
            - 103
            - 38
            - 173
            - 172
            - 202
            - 140
            - 191
            - 7
            - 112
            - 9
        txn:
            apaa:
                - - 99
                  - 111
                  - 110
                  - 116
                  - 101
                  - 110
                  - 116
                  - 109
                  - 99
                  - 111
                  - 99
                  - 101
                  - 108
            apap:
                - 2
                - 32
                - 5
                - 0
                - 4
                - 5
                - 2
                - 1
                - 38
                - 2
                - 7
                - 99
                - 114
                - 101
                - 97
                - 116
                - 111
                - 114
                - 5
                - 116
                - 111
                - 116
                - 97
                - 108
                - 49
                - 24
                - 34
                - 18
                - 64
                - 0
                - 44
                - 49
                - 25
                - 35
                - 18
                - 64
                - 0
                - 35
                - 49
                - 25
                - 36
                - 18
                - 64
                - 0
                - 22
                - 49
                - 25
                - 37
                - 18
                - 64
                - 0
                - 12
                - 49
                - 25
                - 33
                - 4
                - 18
                - 64
                - 0
                - 1
                - 0
                - 33
                - 4
                - 67
                - 33
                - 4
                - 67
                - 49
                - 0
                - 40
                - 100
                - 18
                - 67
                - 34
                - 67
                - 40
                - 49
                - 0
                - 103
                - 41
                - 54
                - 26
                - 0
                - 103
                - 33
                - 4
                - 67
            apgs:
                nbs: 63
                nui: 1
            apls:
                nui: 16
            apsu:
                - 2
                - 32
                - 1
                - 1
                - 34
                - 67
            fee: 349000
            fv: 173
            gen: private-v1
            gh:
                - 19
                - 119
                - 62
                - 48
                - 140
                - 17
                - 220
                - 103
                - 138
                - 123
                - 219
                - 134
                - 239
                - 100
                - 157
                - 122
                - 219
                - 195
                - 190
                - 50
                - 87
                - 115
                - 106
                - 110
                - 210
                - 37
                - 249
                - 11
                - 131
                - 121
                - 135
                - 95
            lv: 1173
            snd:
                - 181
                - 176
                - 219
                - 238
                - 106
                - 134
                - 42
                - 72
                - 146
                - 178
                - 183
                - 161
                - 7
                - 238
                - 87
                - 145
                - 92
                - 34
                - 110
                - 74
                - 164
                - 136
                - 138
                - 167
                - 248
                - 1
                - 168
                - 242
                - 0
                - 77
                - 71
                - 104
            type: appl
