"Signed transaction with txID: 5S4LOAWP7GX3M6JN6AGFDCBGUEZ5NEBJFSWIJDFS4U7NWCZUZQYQ\nCreated new app-id: 62":
    application-index: 62
    confirmed-round: 927
    global-state-delta:
        - key: Y29udGVudA==
          value:
              action: 1
              bytes: Y29udGVudG1jb2NlbA==
        - key: Y3JlYXRvcg==
          value:
              action: 1
              bytes: tbDb7mqGKkiSsrehB+5XkVwibkqkiIqn+AGo8gBNR2g=
    pool-error: ""
    txn:
        sig:
            - 102
            - 59
            - 193
            - 13
            - 65
            - 160
            - 222
            - 183
            - 169
            - 33
            - 24
            - 101
            - 108
            - 97
            - 85
            - 126
            - 162
            - 18
            - 58
            - 198
            - 137
            - 174
            - 51
            - 46
            - 231
            - 11
            - 98
            - 242
            - 26
            - 47
            - 154
            - 148
            - 217
            - 134
            - 91
            - 150
            - 156
            - 194
            - 115
            - 82
            - 210
            - 206
            - 187
            - 141
            - 116
            - 139
            - 189
            - 118
            - 218
            - 194
            - 232
            - 121
            - 145
            - 108
            - 15
            - 124
            - 182
            - 126
            - 70
            - 24
            - 101
            - 151
            - 79
            - 3
        txn:
            apaa:
                - - 99
                  - 111
                  - 110
                  - 116
                  - 101
                  - 110
                  - 116
                  - 109
                  - 99
                  - 111
                  - 99
                  - 101
                  - 108
            apap:
                - 2
                - 32
                - 5
                - 0
                - 4
                - 5
                - 2
                - 1
                - 38
                - 6
                - 20
                - 115
                - 101
                - 116
                - 95
                - 105
                - 110
                - 99
                - 111
                - 109
                - 101
                - 95
                - 98
                - 101
                - 110
                - 101
                - 102
                - 95
                - 110
                - 117
                - 109
                - 16
                - 115
                - 101
                - 116
                - 95
                - 105
                - 110
                - 99
                - 111
                - 109
                - 101
                - 95
                - 98
                - 101
                - 110
                - 101
                - 102
                - 6
                - 112
                - 97
                - 121
                - 95
                - 116
                - 111
                - 17
                - 98
                - 101
                - 110
                - 101
                - 102
                - 105
                - 99
                - 105
                - 97
                - 114
                - 105
                - 101
                - 115
                - 95
                - 110
                - 117
                - 109
                - 7
                - 99
                - 114
                - 101
                - 97
                - 116
                - 111
                - 114
                - 7
                - 99
                - 111
                - 110
                - 116
                - 101
                - 110
                - 116
                - 49
                - 24
                - 34
                - 18
                - 64
                - 0
                - 151
                - 49
                - 25
                - 35
                - 18
                - 64
                - 0
                - 142
                - 49
                - 25
                - 36
                - 18
                - 64
                - 0
                - 128
                - 49
                - 25
                - 37
                - 18
                - 64
                - 0
                - 118
                - 49
                - 25
                - 33
                - 4
                - 18
                - 64
                - 0
                - 107
                - 54
                - 26
                - 0
                - 40
                - 18
                - 64
                - 0
                - 71
                - 54
                - 26
                - 0
                - 41
                - 18
                - 64
                - 0
                - 24
                - 54
                - 26
                - 0
                - 42
                - 18
                - 64
                - 0
                - 1
                - 0
                - 51
                - 1
                - 7
                - 43
                - 98
                - 33
                - 4
                - 18
                - 64
                - 0
                - 1
                - 0
                - 33
                - 4
                - 67
                - 49
                - 27
                - 35
                - 18
                - 64
                - 0
                - 1
                - 0
                - 49
                - 29
                - 33
                - 4
                - 18
                - 64
                - 0
                - 1
                - 0
                - 33
                - 4
                - 54
                - 26
                - 1
                - 54
                - 26
                - 2
                - 102
                - 33
                - 4
                - 54
                - 26
                - 2
                - 54
                - 26
                - 3
                - 23
                - 102
                - 33
                - 4
                - 67
                - 49
                - 27
                - 37
                - 18
                - 64
                - 0
                - 1
                - 0
                - 49
                - 29
                - 33
                - 4
                - 18
                - 64
                - 0
                - 1
                - 0
                - 33
                - 4
                - 43
                - 54
                - 26
                - 1
                - 23
                - 102
                - 33
                - 4
                - 67
                - 33
                - 4
                - 67
                - 33
                - 4
                - 67
                - 49
                - 0
                - 39
                - 4
                - 100
                - 18
                - 67
                - 34
                - 67
                - 39
                - 4
                - 49
                - 0
                - 103
                - 49
                - 27
                - 33
                - 4
                - 18
                - 64
                - 0
                - 1
                - 0
                - 39
                - 5
                - 54
                - 26
                - 0
                - 103
                - 33
                - 4
                - 67
            apgs:
                nbs: 63
                nui: 1
            apls:
                nbs: 8
                nui: 8
            apsu:
                - 2
                - 32
                - 1
                - 1
                - 34
                - 67
            fee: 539000
            fv: 925
            gen: private-v1
            gh:
                - 71
                - 135
                - 161
                - 121
                - 145
                - 36
                - 187
                - 21
                - 152
                - 21
                - 32
                - 169
                - 117
                - 136
                - 57
                - 125
                - 158
                - 183
                - 149
                - 4
                - 176
                - 113
                - 227
                - 162
                - 221
                - 101
                - 161
                - 234
                - 51
                - 193
                - 12
                - 6
            lv: 1925
            snd:
                - 181
                - 176
                - 219
                - 238
                - 106
                - 134
                - 42
                - 72
                - 146
                - 178
                - 183
                - 161
                - 7
                - 238
                - 87
                - 145
                - 92
                - 34
                - 110
                - 74
                - 164
                - 136
                - 138
                - 167
                - 248
                - 1
                - 168
                - 242
                - 0
                - 77
                - 71
                - 104
            type: appl
